{"/home/travis/build/npmtest/node-npmtest-koa/test.js":{"path":"/home/travis/build/npmtest/node-npmtest-koa/test.js","s":{"1":2,"2":2,"3":2,"4":2,"5":2,"6":2,"7":2,"8":1,"9":2,"10":2,"11":1,"12":1,"13":1,"14":1,"15":2,"16":2,"17":2,"18":2,"19":1,"20":1,"21":2,"22":2,"23":2,"24":1,"25":1,"26":1,"27":1,"28":1,"29":1,"30":1,"31":1,"32":1,"33":1,"34":1,"35":1,"36":2,"37":2,"38":1,"39":2,"40":2,"41":1,"42":2,"43":2,"44":1,"45":1,"46":1,"47":1,"48":1},"b":{"1":[2,1,1,1],"2":[1,1,1,1],"3":[1,1],"4":[1,1],"5":[1,1],"6":[1,1],"7":[1,1],"8":[1,1],"9":[1,1,1],"10":[1,1],"11":[1,1],"12":[1,1],"13":[1,1],"14":[1,1],"15":[1,1]},"f":{"1":2,"2":2,"3":2,"4":2,"5":2,"6":1,"7":1,"8":2,"9":2,"10":2,"11":1},"fnMap":{"1":{"name":"(anonymous_1)","line":12,"loc":{"start":{"line":12,"column":1},"end":{"line":12,"column":13}}},"2":{"name":"(anonymous_2)","line":19,"loc":{"start":{"line":19,"column":5},"end":{"line":19,"column":17}}},"3":{"name":"(anonymous_3)","line":23,"loc":{"start":{"line":23,"column":24},"end":{"line":23,"column":36}}},"4":{"name":"(anonymous_4)","line":61,"loc":{"start":{"line":61,"column":5},"end":{"line":61,"column":17}}},"5":{"name":"(anonymous_5)","line":82,"loc":{"start":{"line":82,"column":5},"end":{"line":82,"column":17}}},"6":{"name":"(anonymous_6)","line":102,"loc":{"start":{"line":102,"column":83},"end":{"line":105,"column":10}},"skip":true},"7":{"name":"(anonymous_7)","line":113,"loc":{"start":{"line":113,"column":77},"end":{"line":116,"column":10}},"skip":true},"8":{"name":"(anonymous_8)","line":127,"loc":{"start":{"line":127,"column":77},"end":{"line":130,"column":10}},"skip":true},"9":{"name":"(anonymous_9)","line":138,"loc":{"start":{"line":138,"column":83},"end":{"line":141,"column":10}},"skip":true},"10":{"name":"(anonymous_10)","line":149,"loc":{"start":{"line":149,"column":79},"end":{"line":152,"column":10}},"skip":true},"11":{"name":"(anonymous_11)","line":160,"loc":{"start":{"line":160,"column":75},"end":{"line":163,"column":10}},"skip":true}},"statementMap":{"1":{"start":{"line":12,"column":0},"end":{"line":175,"column":5}},"2":{"start":{"line":14,"column":4},"end":{"line":14,"column":14}},"3":{"start":{"line":19,"column":4},"end":{"line":56,"column":9}},"4":{"start":{"line":21,"column":8},"end":{"line":21,"column":19}},"5":{"start":{"line":23,"column":8},"end":{"line":35,"column":13}},"6":{"start":{"line":24,"column":12},"end":{"line":34,"column":13}},"7":{"start":{"line":25,"column":16},"end":{"line":28,"column":30}},"8":{"start":{"line":30,"column":16},"end":{"line":33,"column":27}},"9":{"start":{"line":37,"column":8},"end":{"line":39,"column":21}},"10":{"start":{"line":40,"column":8},"end":{"line":53,"column":9}},"11":{"start":{"line":43,"column":12},"end":{"line":46,"column":14}},"12":{"start":{"line":47,"column":12},"end":{"line":47,"column":18}},"13":{"start":{"line":50,"column":12},"end":{"line":51,"column":46}},"14":{"start":{"line":52,"column":12},"end":{"line":52,"column":18}},"15":{"start":{"line":55,"column":8},"end":{"line":55,"column":35}},"16":{"start":{"line":61,"column":4},"end":{"line":63,"column":9}},"17":{"start":{"line":62,"column":8},"end":{"line":62,"column":15}},"18":{"start":{"line":64,"column":4},"end":{"line":77,"column":5}},"19":{"start":{"line":70,"column":8},"end":{"line":70,"column":14}},"20":{"start":{"line":76,"column":8},"end":{"line":76,"column":14}},"21":{"start":{"line":82,"column":4},"end":{"line":84,"column":9}},"22":{"start":{"line":83,"column":8},"end":{"line":83,"column":15}},"23":{"start":{"line":85,"column":4},"end":{"line":174,"column":5}},"24":{"start":{"line":92,"column":8},"end":{"line":94,"column":63}},"25":{"start":{"line":95,"column":8},"end":{"line":95,"column":14}},"26":{"start":{"line":102,"column":8},"end":{"line":111,"column":10},"skip":true},"27":{"start":{"line":109,"column":12},"end":{"line":109,"column":55},"skip":true},"28":{"start":{"line":110,"column":12},"end":{"line":110,"column":48},"skip":true},"29":{"start":{"line":113,"column":8},"end":{"line":125,"column":10},"skip":true},"30":{"start":{"line":120,"column":12},"end":{"line":120,"column":76},"skip":true},"31":{"start":{"line":121,"column":12},"end":{"line":121,"column":73},"skip":true},"32":{"start":{"line":122,"column":12},"end":{"line":122,"column":74},"skip":true},"33":{"start":{"line":123,"column":12},"end":{"line":123,"column":25},"skip":true},"34":{"start":{"line":124,"column":12},"end":{"line":124,"column":45},"skip":true},"35":{"start":{"line":127,"column":8},"end":{"line":136,"column":10},"skip":true},"36":{"start":{"line":134,"column":12},"end":{"line":134,"column":25},"skip":true},"37":{"start":{"line":135,"column":12},"end":{"line":135,"column":45},"skip":true},"38":{"start":{"line":138,"column":8},"end":{"line":147,"column":10},"skip":true},"39":{"start":{"line":145,"column":12},"end":{"line":145,"column":25},"skip":true},"40":{"start":{"line":146,"column":12},"end":{"line":146,"column":48},"skip":true},"41":{"start":{"line":149,"column":8},"end":{"line":158,"column":10},"skip":true},"42":{"start":{"line":156,"column":12},"end":{"line":156,"column":25},"skip":true},"43":{"start":{"line":157,"column":12},"end":{"line":157,"column":46},"skip":true},"44":{"start":{"line":160,"column":8},"end":{"line":169,"column":10},"skip":true},"45":{"start":{"line":167,"column":12},"end":{"line":167,"column":94},"skip":true},"46":{"start":{"line":168,"column":12},"end":{"line":168,"column":48},"skip":true},"47":{"start":{"line":172,"column":8},"end":{"line":172,"column":35},"skip":true},"48":{"start":{"line":173,"column":8},"end":{"line":173,"column":14},"skip":true}},"branchMap":{"1":{"line":25,"type":"binary-expr","locations":[{"start":{"line":25,"column":23},"end":{"line":25,"column":62}},{"start":{"line":26,"column":20},"end":{"line":26,"column":70}},{"start":{"line":27,"column":20},"end":{"line":27,"column":71}},{"start":{"line":28,"column":20},"end":{"line":28,"column":29}}]},"2":{"line":30,"type":"binary-expr","locations":[{"start":{"line":30,"column":23},"end":{"line":30,"column":37}},{"start":{"line":31,"column":20},"end":{"line":31,"column":61}},{"start":{"line":32,"column":20},"end":{"line":32,"column":70}},{"start":{"line":33,"column":20},"end":{"line":33,"column":26}}]},"3":{"line":37,"type":"cond-expr","locations":[{"start":{"line":38,"column":14},"end":{"line":38,"column":20}},{"start":{"line":39,"column":14},"end":{"line":39,"column":20}}]},"4":{"line":40,"type":"switch","locations":[{"start":{"line":42,"column":8},"end":{"line":47,"column":18}},{"start":{"line":49,"column":8},"end":{"line":52,"column":18}}]},"5":{"line":44,"type":"binary-expr","locations":[{"start":{"line":44,"column":16},"end":{"line":44,"column":44}},{"start":{"line":44,"column":48},"end":{"line":44,"column":66}}]},"6":{"line":50,"type":"binary-expr","locations":[{"start":{"line":50,"column":21},"end":{"line":50,"column":49}},{"start":{"line":50,"column":53},"end":{"line":50,"column":72}}]},"7":{"line":64,"type":"switch","locations":[{"start":{"line":69,"column":4},"end":{"line":70,"column":14}},{"start":{"line":75,"column":4},"end":{"line":76,"column":14}}]},"8":{"line":85,"type":"switch","locations":[{"start":{"line":90,"column":4},"end":{"line":95,"column":14}},{"start":{"line":101,"column":4},"end":{"line":173,"column":14},"skip":true}]},"9":{"line":92,"type":"binary-expr","locations":[{"start":{"line":92,"column":18},"end":{"line":92,"column":32}},{"start":{"line":93,"column":12},"end":{"line":93,"column":53}},{"start":{"line":94,"column":12},"end":{"line":94,"column":61}}]},"10":{"line":102,"type":"binary-expr","locations":[{"start":{"line":102,"column":45},"end":{"line":102,"column":79},"skip":true},{"start":{"line":102,"column":83},"end":{"line":111,"column":9},"skip":true}]},"11":{"line":113,"type":"binary-expr","locations":[{"start":{"line":113,"column":42},"end":{"line":113,"column":73},"skip":true},{"start":{"line":113,"column":77},"end":{"line":125,"column":9},"skip":true}]},"12":{"line":127,"type":"binary-expr","locations":[{"start":{"line":127,"column":42},"end":{"line":127,"column":73},"skip":true},{"start":{"line":127,"column":77},"end":{"line":136,"column":9},"skip":true}]},"13":{"line":138,"type":"binary-expr","locations":[{"start":{"line":138,"column":45},"end":{"line":138,"column":79},"skip":true},{"start":{"line":138,"column":83},"end":{"line":147,"column":9},"skip":true}]},"14":{"line":149,"type":"binary-expr","locations":[{"start":{"line":149,"column":43},"end":{"line":149,"column":75},"skip":true},{"start":{"line":149,"column":79},"end":{"line":158,"column":9},"skip":true}]},"15":{"line":160,"type":"binary-expr","locations":[{"start":{"line":160,"column":41},"end":{"line":160,"column":71},"skip":true},{"start":{"line":160,"column":75},"end":{"line":169,"column":9},"skip":true}]}},"code":["/* istanbul instrument in package npmtest_koa */","/*jslint","    bitwise: true,","    browser: true,","    maxerr: 8,","    maxlen: 96,","    node: true,","    nomen: true,","    regexp: true,","    stupid: true","*/","(function () {","    'use strict';","    var local;","","","","    // run shared js-env code - pre-init","    (function () {","        // init local","        local = {};","        // init modeJs","        local.modeJs = (function () {","            try {","                return typeof navigator.userAgent === 'string' &&","                    typeof document.querySelector('body') === 'object' &&","                    typeof XMLHttpRequest.prototype.open === 'function' &&","                    'browser';","            } catch (errorCaughtBrowser) {","                return module.exports &&","                    typeof process.versions.node === 'string' &&","                    typeof require('http').createServer === 'function' &&","                    'node';","            }","        }());","        // init global","        local.global = local.modeJs === 'browser'","            ? window","            : global;","        switch (local.modeJs) {","        // re-init local from window.local","        case 'browser':","            local = local.global.utility2.objectSetDefault(","                local.global.utility2_rollup || local.global.local,","                local.global.utility2","            );","            break;","        // re-init local from example.js","        case 'node':","            local = (local.global.utility2_rollup || require('utility2'))","                .requireExampleJsFromReadme();","            break;","        }","        // export local","        local.global.local = local;","    }());","","","","    // run shared js-env code - function","    (function () {","        return;","    }());","    switch (local.modeJs) {","","","","    // run browser js-env code - function","    case 'browser':","        break;","","","","    // run node js-env code - function","    case 'node':","        break;","    }","","","","    // run shared js-env code - post-init","    (function () {","        return;","    }());","    switch (local.modeJs) {","","","","    // run browser js-env code - post-init","    case 'browser':","        // run tests","        local.nop(local.modeTest &&","            document.querySelector('#testRunButton1') &&","            document.querySelector('#testRunButton1').click());","        break;","","","","    // run node js-env code - post-init","    /* istanbul ignore next */","    case 'node':","        local.testCase_buildApidoc_default = local.testCase_buildApidoc_default || function (","            options,","            onError","        ) {","        /*","         * this function will test buildApidoc's default handling-behavior-behavior","         */","            options = { modulePathList: module.paths };","            local.buildApidoc(options, onError);","        };","","        local.testCase_buildApp_default = local.testCase_buildApp_default || function (","            options,","            onError","        ) {","        /*","         * this function will test buildApp's default handling-behavior-behavior","         */","            local.testCase_buildReadme_default(options, local.onErrorThrow);","            local.testCase_buildLib_default(options, local.onErrorThrow);","            local.testCase_buildTest_default(options, local.onErrorThrow);","            options = [];","            local.buildApp(options, onError);","        };","","        local.testCase_buildLib_default = local.testCase_buildLib_default || function (","            options,","            onError","        ) {","        /*","         * this function will test buildLib's default handling-behavior","         */","            options = {};","            local.buildLib(options, onError);","        };","","        local.testCase_buildReadme_default = local.testCase_buildReadme_default || function (","            options,","            onError","        ) {","        /*","         * this function will test buildReadme's default handling-behavior-behavior","         */","            options = {};","            local.buildReadme(options, onError);","        };","","        local.testCase_buildTest_default = local.testCase_buildTest_default || function (","            options,","            onError","        ) {","        /*","         * this function will test buildTest's default handling-behavior","         */","            options = {};","            local.buildTest(options, onError);","        };","","        local.testCase_webpage_default = local.testCase_webpage_default || function (","            options,","            onError","        ) {","        /*","         * this function will test webpage's default handling-behavior","         */","            options = { modeCoverageMerge: true, url: local.serverLocalHost + '?modeTest=1' };","            local.browserTest(options, onError);","        };","","        // run test-server","        local.testRunServer(local);","        break;","    }","}());",""],"l":{"12":2,"14":2,"19":2,"21":2,"23":2,"24":2,"25":2,"30":1,"37":2,"40":2,"43":1,"47":1,"50":1,"52":1,"55":2,"61":2,"62":2,"64":2,"70":1,"76":1,"82":2,"83":2,"85":2,"92":1,"95":1,"102":1,"109":1,"110":1,"113":1,"120":1,"121":1,"122":1,"123":1,"124":1,"127":1,"134":2,"135":2,"138":1,"145":2,"146":2,"149":1,"156":2,"157":2,"160":1,"167":1,"168":1,"172":1,"173":1}},"/home/travis/build/npmtest/node-npmtest-koa/lib.npmtest_koa.js":{"path":"/home/travis/build/npmtest/node-npmtest-koa/lib.npmtest_koa.js","s":{"1":2,"2":2,"3":2,"4":2,"5":2,"6":2,"7":2,"8":1,"9":2,"10":2,"11":2,"12":2,"13":1,"14":1,"15":1,"16":1},"b":{"1":[2,1,1,1],"2":[1,1,1,1],"3":[1,1],"4":[2,2],"5":[1,1]},"f":{"1":2,"2":2,"3":2},"fnMap":{"1":{"name":"(anonymous_1)","line":12,"loc":{"start":{"line":12,"column":1},"end":{"line":12,"column":13}}},"2":{"name":"(anonymous_2)","line":19,"loc":{"start":{"line":19,"column":5},"end":{"line":19,"column":17}}},"3":{"name":"(anonymous_3)","line":23,"loc":{"start":{"line":23,"column":24},"end":{"line":23,"column":36}}}},"statementMap":{"1":{"start":{"line":12,"column":0},"end":{"line":53,"column":5}},"2":{"start":{"line":14,"column":4},"end":{"line":14,"column":14}},"3":{"start":{"line":19,"column":4},"end":{"line":52,"column":9}},"4":{"start":{"line":21,"column":8},"end":{"line":21,"column":19}},"5":{"start":{"line":23,"column":8},"end":{"line":35,"column":13}},"6":{"start":{"line":24,"column":12},"end":{"line":34,"column":13}},"7":{"start":{"line":25,"column":16},"end":{"line":28,"column":30}},"8":{"start":{"line":30,"column":16},"end":{"line":33,"column":27}},"9":{"start":{"line":37,"column":8},"end":{"line":39,"column":21}},"10":{"start":{"line":41,"column":8},"end":{"line":41,"column":54}},"11":{"start":{"line":43,"column":8},"end":{"line":43,"column":48}},"12":{"start":{"line":45,"column":8},"end":{"line":51,"column":9}},"13":{"start":{"line":46,"column":12},"end":{"line":46,"column":54}},"14":{"start":{"line":48,"column":12},"end":{"line":48,"column":35}},"15":{"start":{"line":49,"column":12},"end":{"line":49,"column":49}},"16":{"start":{"line":50,"column":12},"end":{"line":50,"column":43}}},"branchMap":{"1":{"line":25,"type":"binary-expr","locations":[{"start":{"line":25,"column":23},"end":{"line":25,"column":62}},{"start":{"line":26,"column":20},"end":{"line":26,"column":70}},{"start":{"line":27,"column":20},"end":{"line":27,"column":71}},{"start":{"line":28,"column":20},"end":{"line":28,"column":29}}]},"2":{"line":30,"type":"binary-expr","locations":[{"start":{"line":30,"column":23},"end":{"line":30,"column":37}},{"start":{"line":31,"column":20},"end":{"line":31,"column":61}},{"start":{"line":32,"column":20},"end":{"line":32,"column":70}},{"start":{"line":33,"column":20},"end":{"line":33,"column":26}}]},"3":{"line":37,"type":"cond-expr","locations":[{"start":{"line":38,"column":14},"end":{"line":38,"column":20}},{"start":{"line":39,"column":14},"end":{"line":39,"column":20}}]},"4":{"line":41,"type":"binary-expr","locations":[{"start":{"line":41,"column":16},"end":{"line":41,"column":44}},{"start":{"line":41,"column":48},"end":{"line":41,"column":53}}]},"5":{"line":45,"type":"if","locations":[{"start":{"line":45,"column":8},"end":{"line":45,"column":8}},{"start":{"line":45,"column":8},"end":{"line":45,"column":8}}]}},"code":["/* istanbul instrument in package npmtest_koa */","/*jslint","    bitwise: true,","    browser: true,","    maxerr: 8,","    maxlen: 96,","    node: true,","    nomen: true,","    regexp: true,","    stupid: true","*/","(function () {","    'use strict';","    var local;","","","","    // run shared js-env code - pre-init","    (function () {","        // init local","        local = {};","        // init modeJs","        local.modeJs = (function () {","            try {","                return typeof navigator.userAgent === 'string' &&","                    typeof document.querySelector('body') === 'object' &&","                    typeof XMLHttpRequest.prototype.open === 'function' &&","                    'browser';","            } catch (errorCaughtBrowser) {","                return module.exports &&","                    typeof process.versions.node === 'string' &&","                    typeof require('http').createServer === 'function' &&","                    'node';","            }","        }());","        // init global","        local.global = local.modeJs === 'browser'","            ? window","            : global;","        // init utility2_rollup","        local = local.global.utility2_rollup || local;","        // init lib","        local.local = local.npmtest_koa = local;","        // init exports","        if (local.modeJs === 'browser') {","            local.global.utility2_npmtest_koa = local;","        } else {","            module.exports = local;","            module.exports.__dirname = __dirname;","            module.exports.module = module;","        }","    }());","}());",""],"l":{"12":2,"14":2,"19":2,"21":2,"23":2,"24":2,"25":2,"30":1,"37":2,"41":2,"43":2,"45":2,"46":1,"48":1,"49":1,"50":1}},"/home/travis/build/npmtest/node-npmtest-koa/example.js":{"path":"/home/travis/build/npmtest/node-npmtest-koa/example.js","s":{"1":2,"2":2,"3":2,"4":2,"5":2,"6":2,"7":2,"8":1,"9":2,"10":2,"11":2,"12":2,"13":1,"14":2,"15":2,"16":2,"17":2,"18":2,"19":0,"20":2,"21":1,"22":1,"23":1,"24":1,"25":1,"26":0,"27":0,"28":1,"29":1,"30":2,"31":0,"32":0,"33":0,"34":1,"35":2,"36":2,"37":2,"38":2,"39":2,"40":2,"41":0,"42":2,"43":2,"44":2,"45":1,"46":3,"47":1,"48":1,"49":1,"50":1,"51":1,"52":1,"53":1,"54":1,"55":1,"56":1,"57":0,"58":1,"59":6,"60":6,"61":1,"62":2,"63":0,"64":2,"65":1,"66":1,"67":0,"68":0,"69":0,"70":0,"71":0,"72":0,"73":0,"74":0,"75":0,"76":0,"77":0,"78":0,"79":0,"80":0,"81":0,"82":0,"83":0},"b":{"1":[2,1,1,1],"2":[1,1,1,1],"3":[1,1],"4":[2,2],"5":[1,1],"6":[1,1],"7":[2,0],"8":[2,1,1,1,1,1],"9":[0,2,0],"10":[1,1],"11":[2,1,1],"12":[1,0],"13":[0,2],"14":[2,0,0,0,0,0,0],"15":[0,2],"16":[2,0],"17":[1,1],"18":[0,1],"19":[1,2,0,2],"20":[1,0],"21":[1,1],"22":[0,0],"23":[0,0],"24":[0,0],"25":[0,0],"26":[0,0],"27":[0,0],"28":[0,0]},"f":{"1":2,"2":2,"3":2,"4":2,"5":2,"6":2,"7":2,"8":2,"9":3,"10":1,"11":6,"12":0},"fnMap":{"1":{"name":"(anonymous_1)","line":26,"loc":{"start":{"line":26,"column":1},"end":{"line":26,"column":13}}},"2":{"name":"(anonymous_2)","line":33,"loc":{"start":{"line":33,"column":5},"end":{"line":33,"column":17}}},"3":{"name":"(anonymous_3)","line":37,"loc":{"start":{"line":37,"column":24},"end":{"line":37,"column":36}}},"4":{"name":"(anonymous_4)","line":69,"loc":{"start":{"line":69,"column":31},"end":{"line":69,"column":48}},"skip":true},"5":{"name":"(anonymous_5)","line":78,"loc":{"start":{"line":78,"column":26},"end":{"line":78,"column":45}},"skip":true},"6":{"name":"(anonymous_6)","line":123,"loc":{"start":{"line":123,"column":33},"end":{"line":123,"column":48}},"skip":true},"7":{"name":"(anonymous_7)","line":125,"loc":{"start":{"line":125,"column":27},"end":{"line":125,"column":39}},"skip":true},"8":{"name":"(anonymous_8)","line":133,"loc":{"start":{"line":133,"column":59},"end":{"line":133,"column":74}},"skip":true},"9":{"name":"(anonymous_9)","line":143,"loc":{"start":{"line":143,"column":45},"end":{"line":143,"column":62}},"skip":true},"10":{"name":"(anonymous_10)","line":144,"loc":{"start":{"line":144,"column":73},"end":{"line":144,"column":92}},"skip":true},"11":{"name":"(anonymous_11)","line":272,"loc":{"start":{"line":272,"column":51},"end":{"line":272,"column":77}},"skip":true},"12":{"name":"(anonymous_12)","line":314,"loc":{"start":{"line":314,"column":32},"end":{"line":314,"column":61}},"skip":true}},"statementMap":{"1":{"start":{"line":26,"column":0},"end":{"line":325,"column":5}},"2":{"start":{"line":28,"column":4},"end":{"line":28,"column":14}},"3":{"start":{"line":33,"column":4},"end":{"line":60,"column":9}},"4":{"start":{"line":35,"column":8},"end":{"line":35,"column":19}},"5":{"start":{"line":37,"column":8},"end":{"line":49,"column":13}},"6":{"start":{"line":38,"column":12},"end":{"line":48,"column":13}},"7":{"start":{"line":39,"column":16},"end":{"line":42,"column":30}},"8":{"start":{"line":44,"column":16},"end":{"line":47,"column":27}},"9":{"start":{"line":51,"column":8},"end":{"line":53,"column":21}},"10":{"start":{"line":55,"column":8},"end":{"line":57,"column":45}},"11":{"start":{"line":59,"column":8},"end":{"line":59,"column":35}},"12":{"start":{"line":61,"column":4},"end":{"line":324,"column":5}},"13":{"start":{"line":69,"column":8},"end":{"line":121,"column":10},"skip":true},"14":{"start":{"line":70,"column":12},"end":{"line":88,"column":13},"skip":true},"15":{"start":{"line":76,"column":16},"end":{"line":87,"column":19},"skip":true},"16":{"start":{"line":79,"column":20},"end":{"line":86,"column":21},"skip":true},"17":{"start":{"line":82,"column":24},"end":{"line":82,"column":43},"skip":true},"18":{"start":{"line":83,"column":24},"end":{"line":83,"column":30},"skip":true},"19":{"start":{"line":85,"column":24},"end":{"line":85,"column":49},"skip":true},"20":{"start":{"line":89,"column":12},"end":{"line":107,"column":13},"skip":true},"21":{"start":{"line":92,"column":16},"end":{"line":102,"column":17},"skip":true},"22":{"start":{"line":93,"column":20},"end":{"line":93,"column":86},"skip":true},"23":{"start":{"line":94,"column":20},"end":{"line":95,"column":45},"skip":true},"24":{"start":{"line":96,"column":20},"end":{"line":96,"column":42},"skip":true},"25":{"start":{"line":97,"column":20},"end":{"line":97,"column":48},"skip":true},"26":{"start":{"line":100,"column":20},"end":{"line":100,"column":85},"skip":true},"27":{"start":{"line":101,"column":20},"end":{"line":101,"column":96},"skip":true},"28":{"start":{"line":103,"column":16},"end":{"line":103,"column":22},"skip":true},"29":{"start":{"line":106,"column":16},"end":{"line":106,"column":22},"skip":true},"30":{"start":{"line":108,"column":12},"end":{"line":120,"column":13},"skip":true},"31":{"start":{"line":114,"column":16},"end":{"line":119,"column":17},"skip":true},"32":{"start":{"line":116,"column":20},"end":{"line":116,"column":78},"skip":true},"33":{"start":{"line":118,"column":20},"end":{"line":118,"column":53},"skip":true},"34":{"start":{"line":123,"column":8},"end":{"line":141,"column":11},"skip":true},"35":{"start":{"line":124,"column":12},"end":{"line":124,"column":54},"skip":true},"36":{"start":{"line":125,"column":12},"end":{"line":140,"column":14},"skip":true},"37":{"start":{"line":126,"column":16},"end":{"line":126,"column":28},"skip":true},"38":{"start":{"line":127,"column":16},"end":{"line":127,"column":69},"skip":true},"39":{"start":{"line":128,"column":16},"end":{"line":128,"column":75},"skip":true},"40":{"start":{"line":129,"column":16},"end":{"line":131,"column":17},"skip":true},"41":{"start":{"line":130,"column":20},"end":{"line":130,"column":27},"skip":true},"42":{"start":{"line":133,"column":16},"end":{"line":137,"column":36},"skip":true},"43":{"start":{"line":134,"column":20},"end":{"line":136,"column":55},"skip":true},"44":{"start":{"line":139,"column":16},"end":{"line":139,"column":57},"skip":true},"45":{"start":{"line":143,"column":8},"end":{"line":147,"column":11},"skip":true},"46":{"start":{"line":144,"column":12},"end":{"line":146,"column":15},"skip":true},"47":{"start":{"line":145,"column":16},"end":{"line":145,"column":70},"skip":true},"48":{"start":{"line":149,"column":8},"end":{"line":149,"column":31},"skip":true},"49":{"start":{"line":150,"column":8},"end":{"line":150,"column":14},"skip":true},"50":{"start":{"line":158,"column":8},"end":{"line":158,"column":31},"skip":true},"51":{"start":{"line":160,"column":8},"end":{"line":160,"column":33},"skip":true},"52":{"start":{"line":161,"column":8},"end":{"line":161,"column":37},"skip":true},"53":{"start":{"line":162,"column":8},"end":{"line":162,"column":35},"skip":true},"54":{"start":{"line":164,"column":8},"end":{"line":164,"column":50},"skip":true},"55":{"start":{"line":166,"column":8},"end":{"line":256,"column":2},"skip":true},"56":{"start":{"line":258,"column":8},"end":{"line":286,"column":9},"skip":true},"57":{"start":{"line":259,"column":12},"end":{"line":269,"column":14},"skip":true},"58":{"start":{"line":271,"column":12},"end":{"line":285,"column":19},"skip":true},"59":{"start":{"line":274,"column":20},"end":{"line":274,"column":35},"skip":true},"60":{"start":{"line":275,"column":20},"end":{"line":284,"column":21},"skip":true},"61":{"start":{"line":277,"column":24},"end":{"line":277,"column":64},"skip":true},"62":{"start":{"line":279,"column":24},"end":{"line":279,"column":40},"skip":true},"63":{"start":{"line":281,"column":24},"end":{"line":281,"column":40},"skip":true},"64":{"start":{"line":283,"column":24},"end":{"line":283,"column":39},"skip":true},"65":{"start":{"line":288,"column":8},"end":{"line":290,"column":9},"skip":true},"66":{"start":{"line":289,"column":12},"end":{"line":289,"column":18},"skip":true},"67":{"start":{"line":291,"column":8},"end":{"line":293,"column":54},"skip":true},"68":{"start":{"line":294,"column":8},"end":{"line":301,"column":37},"skip":true},"69":{"start":{"line":302,"column":8},"end":{"line":302,"column":82},"skip":true},"70":{"start":{"line":305,"column":8},"end":{"line":307,"column":9},"skip":true},"71":{"start":{"line":306,"column":12},"end":{"line":306,"column":82},"skip":true},"72":{"start":{"line":309,"column":8},"end":{"line":311,"column":9},"skip":true},"73":{"start":{"line":310,"column":12},"end":{"line":310,"column":18},"skip":true},"74":{"start":{"line":312,"column":8},"end":{"line":312,"column":54},"skip":true},"75":{"start":{"line":313,"column":8},"end":{"line":313,"column":69},"skip":true},"76":{"start":{"line":314,"column":8},"end":{"line":322,"column":36},"skip":true},"77":{"start":{"line":315,"column":12},"end":{"line":315,"column":61},"skip":true},"78":{"start":{"line":316,"column":12},"end":{"line":319,"column":13},"skip":true},"79":{"start":{"line":317,"column":16},"end":{"line":317,"column":75},"skip":true},"80":{"start":{"line":318,"column":16},"end":{"line":318,"column":23},"skip":true},"81":{"start":{"line":320,"column":12},"end":{"line":320,"column":38},"skip":true},"82":{"start":{"line":321,"column":12},"end":{"line":321,"column":27},"skip":true},"83":{"start":{"line":323,"column":8},"end":{"line":323,"column":14},"skip":true}},"branchMap":{"1":{"line":39,"type":"binary-expr","locations":[{"start":{"line":39,"column":23},"end":{"line":39,"column":62}},{"start":{"line":40,"column":20},"end":{"line":40,"column":70}},{"start":{"line":41,"column":20},"end":{"line":41,"column":71}},{"start":{"line":42,"column":20},"end":{"line":42,"column":29}}]},"2":{"line":44,"type":"binary-expr","locations":[{"start":{"line":44,"column":23},"end":{"line":44,"column":37}},{"start":{"line":45,"column":20},"end":{"line":45,"column":61}},{"start":{"line":46,"column":20},"end":{"line":46,"column":70}},{"start":{"line":47,"column":20},"end":{"line":47,"column":26}}]},"3":{"line":51,"type":"cond-expr","locations":[{"start":{"line":52,"column":14},"end":{"line":52,"column":20}},{"start":{"line":53,"column":14},"end":{"line":53,"column":20}}]},"4":{"line":55,"type":"binary-expr","locations":[{"start":{"line":55,"column":16},"end":{"line":55,"column":44}},{"start":{"line":55,"column":49},"end":{"line":57,"column":43}}]},"5":{"line":55,"type":"cond-expr","locations":[{"start":{"line":56,"column":14},"end":{"line":56,"column":47}},{"start":{"line":57,"column":14},"end":{"line":57,"column":43}}]},"6":{"line":61,"type":"switch","locations":[{"start":{"line":68,"column":4},"end":{"line":150,"column":14},"skip":true},{"start":{"line":156,"column":4},"end":{"line":323,"column":14},"skip":true}]},"7":{"line":70,"type":"if","locations":[{"start":{"line":70,"column":12},"end":{"line":70,"column":12},"skip":true},{"start":{"line":70,"column":12},"end":{"line":70,"column":12},"skip":true}]},"8":{"line":70,"type":"binary-expr","locations":[{"start":{"line":70,"column":16},"end":{"line":70,"column":22},"skip":true},{"start":{"line":70,"column":27},"end":{"line":70,"column":32},"skip":true},{"start":{"line":71,"column":20},"end":{"line":71,"column":39},"skip":true},{"start":{"line":72,"column":20},"end":{"line":72,"column":49},"skip":true},{"start":{"line":73,"column":20},"end":{"line":73,"column":58},"skip":true},{"start":{"line":74,"column":20},"end":{"line":74,"column":69},"skip":true}]},"9":{"line":79,"type":"switch","locations":[{"start":{"line":80,"column":20},"end":{"line":80,"column":33},"skip":true},{"start":{"line":81,"column":20},"end":{"line":83,"column":30},"skip":true},{"start":{"line":84,"column":20},"end":{"line":85,"column":49},"skip":true}]},"10":{"line":89,"type":"switch","locations":[{"start":{"line":90,"column":12},"end":{"line":103,"column":22},"skip":true},{"start":{"line":105,"column":12},"end":{"line":106,"column":22},"skip":true}]},"11":{"line":89,"type":"binary-expr","locations":[{"start":{"line":89,"column":20},"end":{"line":89,"column":25},"skip":true},{"start":{"line":89,"column":29},"end":{"line":89,"column":48},"skip":true},{"start":{"line":89,"column":52},"end":{"line":89,"column":74},"skip":true}]},"12":{"line":92,"type":"if","locations":[{"start":{"line":92,"column":16},"end":{"line":92,"column":16},"skip":true},{"start":{"line":92,"column":16},"end":{"line":92,"column":16},"skip":true}]},"13":{"line":108,"type":"if","locations":[{"start":{"line":108,"column":12},"end":{"line":108,"column":12},"skip":true},{"start":{"line":108,"column":12},"end":{"line":108,"column":12},"skip":true}]},"14":{"line":108,"type":"binary-expr","locations":[{"start":{"line":108,"column":16},"end":{"line":108,"column":61},"skip":true},{"start":{"line":108,"column":66},"end":{"line":108,"column":72},"skip":true},{"start":{"line":108,"column":77},"end":{"line":108,"column":82},"skip":true},{"start":{"line":109,"column":20},"end":{"line":109,"column":39},"skip":true},{"start":{"line":110,"column":20},"end":{"line":110,"column":49},"skip":true},{"start":{"line":111,"column":20},"end":{"line":111,"column":58},"skip":true},{"start":{"line":112,"column":20},"end":{"line":112,"column":68},"skip":true}]},"15":{"line":129,"type":"if","locations":[{"start":{"line":129,"column":16},"end":{"line":129,"column":16},"skip":true},{"start":{"line":129,"column":16},"end":{"line":129,"column":16},"skip":true}]},"16":{"line":134,"type":"cond-expr","locations":[{"start":{"line":135,"column":26},"end":{"line":135,"column":29},"skip":true},{"start":{"line":136,"column":26},"end":{"line":136,"column":54},"skip":true}]},"17":{"line":164,"type":"binary-expr","locations":[{"start":{"line":164,"column":27},"end":{"line":164,"column":43},"skip":true},{"start":{"line":164,"column":47},"end":{"line":164,"column":49},"skip":true}]},"18":{"line":258,"type":"if","locations":[{"start":{"line":258,"column":8},"end":{"line":258,"column":8},"skip":true},{"start":{"line":258,"column":8},"end":{"line":258,"column":8},"skip":true}]},"19":{"line":275,"type":"switch","locations":[{"start":{"line":276,"column":20},"end":{"line":277,"column":64},"skip":true},{"start":{"line":278,"column":20},"end":{"line":279,"column":40},"skip":true},{"start":{"line":280,"column":20},"end":{"line":281,"column":40},"skip":true},{"start":{"line":282,"column":20},"end":{"line":283,"column":39},"skip":true}]},"20":{"line":288,"type":"if","locations":[{"start":{"line":288,"column":8},"end":{"line":288,"column":8},"skip":true},{"start":{"line":288,"column":8},"end":{"line":288,"column":8},"skip":true}]},"21":{"line":288,"type":"binary-expr","locations":[{"start":{"line":288,"column":12},"end":{"line":288,"column":40},"skip":true},{"start":{"line":288,"column":44},"end":{"line":288,"column":67},"skip":true}]},"22":{"line":292,"type":"binary-expr","locations":[{"start":{"line":292,"column":12},"end":{"line":292,"column":50},"skip":true},{"start":{"line":293,"column":12},"end":{"line":293,"column":53},"skip":true}]},"23":{"line":295,"type":"binary-expr","locations":[{"start":{"line":295,"column":12},"end":{"line":295,"column":61},"skip":true},{"start":{"line":296,"column":12},"end":{"line":301,"column":36},"skip":true}]},"24":{"line":302,"type":"binary-expr","locations":[{"start":{"line":302,"column":43},"end":{"line":302,"column":75},"skip":true},{"start":{"line":302,"column":79},"end":{"line":302,"column":81},"skip":true}]},"25":{"line":305,"type":"if","locations":[{"start":{"line":305,"column":8},"end":{"line":305,"column":8},"skip":true},{"start":{"line":305,"column":8},"end":{"line":305,"column":8},"skip":true}]},"26":{"line":309,"type":"if","locations":[{"start":{"line":309,"column":8},"end":{"line":309,"column":8},"skip":true},{"start":{"line":309,"column":8},"end":{"line":309,"column":8},"skip":true}]},"27":{"line":312,"type":"binary-expr","locations":[{"start":{"line":312,"column":27},"end":{"line":312,"column":43},"skip":true},{"start":{"line":312,"column":47},"end":{"line":312,"column":53},"skip":true}]},"28":{"line":316,"type":"if","locations":[{"start":{"line":316,"column":12},"end":{"line":316,"column":12},"skip":true},{"start":{"line":316,"column":12},"end":{"line":316,"column":12},"skip":true}]}},"code":["/*","example.js","","quickstart example","","instruction","    1. save this script as example.js","    2. run the shell command:","        $ npm install npmtest-koa && PORT=8081 node example.js","    3. play with the browser-demo on http://127.0.0.1:8081","*/","","","","/* istanbul instrument in package npmtest_koa */","/*jslint","    bitwise: true,","    browser: true,","    maxerr: 8,","    maxlen: 96,","    node: true,","    nomen: true,","    regexp: true,","    stupid: true","*/","(function () {","    'use strict';","    var local;","","","","    // run shared js-env code - pre-init","    (function () {","        // init local","        local = {};","        // init modeJs","        local.modeJs = (function () {","            try {","                return typeof navigator.userAgent === 'string' &&","                    typeof document.querySelector('body') === 'object' &&","                    typeof XMLHttpRequest.prototype.open === 'function' &&","                    'browser';","            } catch (errorCaughtBrowser) {","                return module.exports &&","                    typeof process.versions.node === 'string' &&","                    typeof require('http').createServer === 'function' &&","                    'node';","            }","        }());","        // init global","        local.global = local.modeJs === 'browser'","            ? window","            : global;","        // init utility2_rollup","        local = local.global.utility2_rollup || (local.modeJs === 'browser'","            ? local.global.utility2_npmtest_koa","            : global.utility2_moduleExports);","        // export local","        local.global.local = local;","    }());","    switch (local.modeJs) {","","","","    // post-init","    // run browser js-env code - post-init","    /* istanbul ignore next */","    case 'browser':","        local.testRunBrowser = function (event) {","            if (!event || (event &&","                    event.currentTarget &&","                    event.currentTarget.className &&","                    event.currentTarget.className.includes &&","                    event.currentTarget.className.includes('onreset'))) {","                // reset output","                Array.from(","                    document.querySelectorAll('body > .resettable')","                ).forEach(function (element) {","                    switch (element.tagName) {","                    case 'INPUT':","                    case 'TEXTAREA':","                        element.value = '';","                        break;","                    default:","                        element.textContent = '';","                    }","                });","            }","            switch (event && event.currentTarget && event.currentTarget.id) {","            case 'testRunButton1':","                // show tests","                if (document.querySelector('#testReportDiv1').style.display === 'none') {","                    document.querySelector('#testReportDiv1').style.display = 'block';","                    document.querySelector('#testRunButton1').textContent =","                        'hide internal test';","                    local.modeTest = true;","                    local.testRunDefault(local);","                // hide tests","                } else {","                    document.querySelector('#testReportDiv1').style.display = 'none';","                    document.querySelector('#testRunButton1').textContent = 'run internal test';","                }","                break;","            // custom-case","            default:","                break;","            }","            if (document.querySelector('#inputTextareaEval1') && (!event || (event &&","                    event.currentTarget &&","                    event.currentTarget.className &&","                    event.currentTarget.className.includes &&","                    event.currentTarget.className.includes('oneval')))) {","                // try to eval input-code","                try {","                    /*jslint evil: true*/","                    eval(document.querySelector('#inputTextareaEval1').value);","                } catch (errorCaught) {","                    console.error(errorCaught.stack);","                }","            }","        };","        // log stderr and stdout to #outputTextareaStdout1","        ['error', 'log'].forEach(function (key) {","            console[key + '_original'] = console[key];","            console[key] = function () {","                var element;","                console[key + '_original'].apply(console, arguments);","                element = document.querySelector('#outputTextareaStdout1');","                if (!element) {","                    return;","                }","                // append text to #outputTextareaStdout1","                element.value += Array.from(arguments).map(function (arg) {","                    return typeof arg === 'string'","                        ? arg","                        : JSON.stringify(arg, null, 4);","                }).join(' ') + '\\n';","                // scroll textarea to bottom","                element.scrollTop = element.scrollHeight;","            };","        });","        // init event-handling","        ['change', 'click', 'keyup'].forEach(function (event) {","            Array.from(document.querySelectorAll('.on' + event)).forEach(function (element) {","                element.addEventListener(event, local.testRunBrowser);","            });","        });","        // run tests","        local.testRunBrowser();","        break;","","","","    // run node js-env code - post-init","    /* istanbul ignore next */","    case 'node':","        // export local","        module.exports = local;","        // require modules","        local.fs = require('fs');","        local.http = require('http');","        local.url = require('url');","        // init assets","        local.assetsDict = local.assetsDict || {};","        /* jslint-ignore-begin */","        local.assetsDict['/assets.index.template.html'] = '\\","<!doctype html>\\n\\","<html lang=\"en\">\\n\\","<head>\\n\\","<meta charset=\"UTF-8\">\\n\\","<meta name=\"viewport\" content=\"width=device-width, initial-scale=1\">\\n\\","<title>{{env.npm_package_name}} (v{{env.npm_package_version}})</title>\\n\\","<style>\\n\\","/*csslint\\n\\","    box-sizing: false,\\n\\","    universal-selector: false\\n\\","*/\\n\\","* {\\n\\","    box-sizing: border-box;\\n\\","}\\n\\","body {\\n\\","    background: #dde;\\n\\","    font-family: Arial, Helvetica, sans-serif;\\n\\","    margin: 2rem;\\n\\","}\\n\\","body > * {\\n\\","    margin-bottom: 1rem;\\n\\","}\\n\\",".utility2FooterDiv {\\n\\","    margin-top: 20px;\\n\\","    text-align: center;\\n\\","}\\n\\","</style>\\n\\","<style>\\n\\","/*csslint\\n\\","*/\\n\\","textarea {\\n\\","    font-family: monospace;\\n\\","    height: 10rem;\\n\\","    width: 100%;\\n\\","}\\n\\","textarea[readonly] {\\n\\","    background: #ddd;\\n\\","}\\n\\","</style>\\n\\","</head>\\n\\","<body>\\n\\","<!-- utility2-comment\\n\\","<div id=\"ajaxProgressDiv1\" style=\"background: #d00; height: 2px; left: 0; margin: 0; padding: 0; position: fixed; top: 0; transition: background 0.5s, width 1.5s; width: 25%;\"></div>\\n\\","utility2-comment -->\\n\\","<h1>\\n\\","<!-- utility2-comment\\n\\","    <a\\n\\","        {{#if env.npm_package_homepage}}\\n\\","        href=\"{{env.npm_package_homepage}}\"\\n\\","        {{/if env.npm_package_homepage}}\\n\\","        target=\"_blank\"\\n\\","    >\\n\\","utility2-comment -->\\n\\","        {{env.npm_package_name}} (v{{env.npm_package_version}})\\n\\","<!-- utility2-comment\\n\\","    </a>\\n\\","utility2-comment -->\\n\\","</h1>\\n\\","<h3>{{env.npm_package_description}}</h3>\\n\\","<!-- utility2-comment\\n\\","<h4><a download href=\"assets.app.js\">download standalone app</a></h4>\\n\\","<button class=\"onclick onreset\" id=\"testRunButton1\">run internal test</button><br>\\n\\","<div id=\"testReportDiv1\" style=\"display: none;\"></div>\\n\\","utility2-comment -->\\n\\","\\n\\","\\n\\","\\n\\","<label>stderr and stdout</label>\\n\\","<textarea class=\"resettable\" id=\"outputTextareaStdout1\" readonly></textarea>\\n\\","<!-- utility2-comment\\n\\","{{#if isRollup}}\\n\\","<script src=\"assets.app.js\"></script>\\n\\","{{#unless isRollup}}\\n\\","utility2-comment -->\\n\\","<script src=\"assets.utility2.rollup.js\"></script>\\n\\","<script src=\"jsonp.utility2._stateInit?callback=window.utility2._stateInit\"></script>\\n\\","<script src=\"assets.npmtest_koa.rollup.js\"></script>\\n\\","<script src=\"assets.example.js\"></script>\\n\\","<script src=\"assets.test.js\"></script>\\n\\","<!-- utility2-comment\\n\\","{{/if isRollup}}\\n\\","utility2-comment -->\\n\\","<div class=\"utility2FooterDiv\">\\n\\","    [ this app was created with\\n\\","    <a href=\"https://github.com/kaizhu256/node-utility2\" target=\"_blank\">utility2</a>\\n\\","    ]\\n\\","</div>\\n\\","</body>\\n\\","</html>\\n\\","';","        /* jslint-ignore-end */","        if (local.templateRender) {","            local.assetsDict['/'] = local.templateRender(","                local.assetsDict['/assets.index.template.html'],","                {","                    env: local.objectSetDefault(local.env, {","                        npm_package_description: 'the greatest app in the world!',","                        npm_package_name: 'my-app',","                        npm_package_nameAlias: 'my_app',","                        npm_package_version: '0.0.1'","                    })","                }","            );","        } else {","            local.assetsDict['/'] = local.assetsDict['/assets.index.template.html']","                .replace((/\\{\\{env\\.(\\w+?)\\}\\}/g), function (match0, match1) {","                    // jslint-hack","                    String(match0);","                    switch (match1) {","                    case 'npm_package_description':","                        return 'the greatest app in the world!';","                    case 'npm_package_name':","                        return 'my-app';","                    case 'npm_package_nameAlias':","                        return 'my_app';","                    case 'npm_package_version':","                        return '0.0.1';","                    }","                });","        }","        // run the cli","        if (local.global.utility2_rollup || module !== require.main) {","            break;","        }","        local.assetsDict['/assets.example.js'] =","            local.assetsDict['/assets.example.js'] ||","            local.fs.readFileSync(__filename, 'utf8');","        local.assetsDict['/assets.npmtest_koa.rollup.js'] =","            local.assetsDict['/assets.npmtest_koa.rollup.js'] ||","            local.fs.readFileSync(","                // buildCustomOrg-hack","                local.npmtest_koa.__dirname +","                    '/lib.npmtest_koa.js',","                'utf8'","            ).replace((/^#!/), '//');","        local.assetsDict['/favicon.ico'] = local.assetsDict['/favicon.ico'] || '';","        // if $npm_config_timeout_exit exists,","        // then exit this process after $npm_config_timeout_exit ms","        if (Number(process.env.npm_config_timeout_exit)) {","            setTimeout(process.exit, Number(process.env.npm_config_timeout_exit));","        }","        // start server","        if (local.global.utility2_serverHttp1) {","            break;","        }","        process.env.PORT = process.env.PORT || '8081';","        console.error('server starting on port ' + process.env.PORT);","        local.http.createServer(function (request, response) {","            request.urlParsed = local.url.parse(request.url);","            if (local.assetsDict[request.urlParsed.pathname] !== undefined) {","                response.end(local.assetsDict[request.urlParsed.pathname]);","                return;","            }","            response.statusCode = 404;","            response.end();","        }).listen(process.env.PORT);","        break;","    }","}());",""],"l":{"26":2,"28":2,"33":2,"35":2,"37":2,"38":2,"39":2,"44":1,"51":2,"55":2,"59":2,"61":2,"69":1,"70":2,"76":2,"79":2,"82":2,"83":2,"85":1,"89":2,"92":1,"93":1,"94":1,"96":1,"97":1,"100":1,"101":1,"103":1,"106":1,"108":2,"114":1,"116":1,"118":1,"123":1,"124":2,"125":2,"126":2,"127":2,"128":2,"129":2,"130":1,"133":2,"134":2,"139":2,"143":1,"144":3,"145":1,"149":1,"150":1,"158":1,"160":1,"161":1,"162":1,"164":1,"166":1,"258":1,"259":1,"271":1,"274":6,"275":6,"277":1,"279":2,"281":1,"283":2,"288":1,"289":1,"291":1,"294":1,"302":1,"305":1,"306":1,"309":1,"310":1,"312":1,"313":1,"314":1,"315":1,"316":1,"317":1,"318":1,"320":1,"321":1,"323":1}},"/home/travis/build/npmtest/node-npmtest-koa/koa/lib/application.js":{"path":"/home/travis/build/npmtest/node-npmtest-koa/koa/lib/application.js","s":{"1":1,"2":1,"3":1,"4":1,"5":1,"6":1,"7":1,"8":1,"9":1,"10":1,"11":1,"12":1,"13":1,"14":1,"15":1,"16":1,"17":1,"18":1,"19":1,"20":0,"21":0,"22":0,"23":0,"24":0,"25":0,"26":0,"27":0,"28":0,"29":0,"30":0,"31":0,"32":0,"33":0,"34":0,"35":0,"36":0,"37":0,"38":0,"39":0,"40":0,"41":0,"42":0,"43":0,"44":0,"45":0,"46":0,"47":0,"48":0,"49":0,"50":0,"51":0,"52":0,"53":0,"54":0,"55":0,"56":0,"57":0,"58":0,"59":0,"60":0,"61":0,"62":0,"63":0,"64":0,"65":0,"66":0,"67":0,"68":0,"69":0,"70":0,"71":0,"72":0,"73":0,"74":0,"75":0,"76":0,"77":0,"78":1,"79":0,"80":0,"81":0,"82":0,"83":0,"84":0,"85":0,"86":0,"87":0,"88":0,"89":0,"90":0,"91":0,"92":0,"93":0,"94":0,"95":0,"96":0,"97":0,"98":0,"99":0,"100":0,"101":0,"102":0,"103":0,"104":0,"105":0,"106":0,"107":0,"108":0},"b":{"1":[0,0],"2":[0,0],"3":[0,0],"4":[0,0,0],"5":[0,0],"6":[0,0,0],"7":[0,0],"8":[0,0],"9":[0,0],"10":[0,0],"11":[0,0],"12":[0,0],"13":[0,0],"14":[0,0],"15":[0,0],"16":[0,0],"17":[0,0],"18":[0,0],"19":[0,0],"20":[0,0],"21":[0,0],"22":[0,0],"23":[0,0]},"f":{"1":0,"2":0,"3":0,"4":0,"5":0,"6":0,"7":0,"8":0,"9":0},"fnMap":{"1":{"name":"(anonymous_1)","line":39,"loc":{"start":{"line":39,"column":13},"end":{"line":39,"column":16}}},"2":{"name":"(anonymous_2)","line":61,"loc":{"start":{"line":61,"column":8},"end":{"line":61,"column":11}}},"3":{"name":"(anonymous_3)","line":75,"loc":{"start":{"line":75,"column":8},"end":{"line":75,"column":11}}},"4":{"name":"(anonymous_4)","line":90,"loc":{"start":{"line":90,"column":9},"end":{"line":90,"column":12}}},"5":{"name":"(anonymous_5)","line":104,"loc":{"start":{"line":104,"column":5},"end":{"line":104,"column":10}}},"6":{"name":"(anonymous_6)","line":125,"loc":{"start":{"line":125,"column":10},"end":{"line":125,"column":13}}},"7":{"name":"(anonymous_7)","line":148,"loc":{"start":{"line":148,"column":15},"end":{"line":148,"column":26}}},"8":{"name":"(anonymous_8)","line":176,"loc":{"start":{"line":176,"column":9},"end":{"line":176,"column":15}}},"9":{"name":"respond","line":193,"loc":{"start":{"line":193,"column":0},"end":{"line":193,"column":22}}}},"statementMap":{"1":{"start":{"line":8,"column":0},"end":{"line":8,"column":61}},"2":{"start":{"line":9,"column":0},"end":{"line":9,"column":50}},"3":{"start":{"line":10,"column":0},"end":{"line":10,"column":42}},"4":{"start":{"line":11,"column":0},"end":{"line":11,"column":39}},"5":{"start":{"line":12,"column":0},"end":{"line":12,"column":39}},"6":{"start":{"line":13,"column":0},"end":{"line":13,"column":38}},"7":{"start":{"line":14,"column":0},"end":{"line":14,"column":37}},"8":{"start":{"line":15,"column":0},"end":{"line":15,"column":37}},"9":{"start":{"line":16,"column":0},"end":{"line":16,"column":37}},"10":{"start":{"line":17,"column":0},"end":{"line":17,"column":35}},"11":{"start":{"line":18,"column":0},"end":{"line":18,"column":35}},"12":{"start":{"line":19,"column":0},"end":{"line":19,"column":34}},"13":{"start":{"line":20,"column":0},"end":{"line":20,"column":33}},"14":{"start":{"line":21,"column":0},"end":{"line":21,"column":33}},"15":{"start":{"line":22,"column":0},"end":{"line":22,"column":29}},"16":{"start":{"line":23,"column":0},"end":{"line":23,"column":29}},"17":{"start":{"line":24,"column":0},"end":{"line":24,"column":39}},"18":{"start":{"line":25,"column":0},"end":{"line":25,"column":41}},"19":{"start":{"line":32,"column":0},"end":{"line":187,"column":2}},"20":{"start":{"line":40,"column":4},"end":{"line":40,"column":12}},"21":{"start":{"line":42,"column":4},"end":{"line":42,"column":23}},"22":{"start":{"line":43,"column":4},"end":{"line":43,"column":25}},"23":{"start":{"line":44,"column":4},"end":{"line":44,"column":29}},"24":{"start":{"line":45,"column":4},"end":{"line":45,"column":53}},"25":{"start":{"line":46,"column":4},"end":{"line":46,"column":42}},"26":{"start":{"line":47,"column":4},"end":{"line":47,"column":42}},"27":{"start":{"line":48,"column":4},"end":{"line":48,"column":44}},"28":{"start":{"line":62,"column":4},"end":{"line":62,"column":20}},"29":{"start":{"line":63,"column":4},"end":{"line":63,"column":54}},"30":{"start":{"line":64,"column":4},"end":{"line":64,"column":50}},"31":{"start":{"line":76,"column":4},"end":{"line":80,"column":7}},"32":{"start":{"line":91,"column":4},"end":{"line":91,"column":25}},"33":{"start":{"line":105,"column":4},"end":{"line":105,"column":88}},"34":{"start":{"line":105,"column":34},"end":{"line":105,"column":88}},"35":{"start":{"line":106,"column":4},"end":{"line":111,"column":5}},"36":{"start":{"line":107,"column":6},"end":{"line":109,"column":78}},"37":{"start":{"line":110,"column":6},"end":{"line":110,"column":23}},"38":{"start":{"line":112,"column":4},"end":{"line":112,"column":48}},"39":{"start":{"line":113,"column":4},"end":{"line":113,"column":29}},"40":{"start":{"line":114,"column":4},"end":{"line":114,"column":16}},"41":{"start":{"line":126,"column":4},"end":{"line":126,"column":40}},"42":{"start":{"line":128,"column":4},"end":{"line":128,"column":72}},"43":{"start":{"line":128,"column":41},"end":{"line":128,"column":72}},"44":{"start":{"line":130,"column":4},"end":{"line":137,"column":6}},"45":{"start":{"line":131,"column":6},"end":{"line":131,"column":27}},"46":{"start":{"line":132,"column":6},"end":{"line":132,"column":47}},"47":{"start":{"line":133,"column":6},"end":{"line":133,"column":46}},"48":{"start":{"line":133,"column":29},"end":{"line":133,"column":45}},"49":{"start":{"line":134,"column":6},"end":{"line":134,"column":48}},"50":{"start":{"line":134,"column":35},"end":{"line":134,"column":47}},"51":{"start":{"line":135,"column":6},"end":{"line":135,"column":31}},"52":{"start":{"line":136,"column":6},"end":{"line":136,"column":57}},"53":{"start":{"line":139,"column":4},"end":{"line":139,"column":25}},"54":{"start":{"line":149,"column":4},"end":{"line":149,"column":48}},"55":{"start":{"line":150,"column":4},"end":{"line":150,"column":66}},"56":{"start":{"line":151,"column":4},"end":{"line":151,"column":69}},"57":{"start":{"line":152,"column":4},"end":{"line":152,"column":52}},"58":{"start":{"line":153,"column":4},"end":{"line":153,"column":51}},"59":{"start":{"line":154,"column":4},"end":{"line":154,"column":51}},"60":{"start":{"line":155,"column":4},"end":{"line":155,"column":41}},"61":{"start":{"line":156,"column":4},"end":{"line":156,"column":32}},"62":{"start":{"line":157,"column":4},"end":{"line":157,"column":31}},"63":{"start":{"line":158,"column":4},"end":{"line":158,"column":56}},"64":{"start":{"line":159,"column":4},"end":{"line":162,"column":7}},"65":{"start":{"line":163,"column":4},"end":{"line":163,"column":66}},"66":{"start":{"line":164,"column":4},"end":{"line":164,"column":51}},"67":{"start":{"line":165,"column":4},"end":{"line":165,"column":23}},"68":{"start":{"line":166,"column":4},"end":{"line":166,"column":19}},"69":{"start":{"line":177,"column":4},"end":{"line":177,"column":61}},"70":{"start":{"line":179,"column":4},"end":{"line":179,"column":48}},"71":{"start":{"line":179,"column":41},"end":{"line":179,"column":48}},"72":{"start":{"line":180,"column":4},"end":{"line":180,"column":28}},"73":{"start":{"line":180,"column":21},"end":{"line":180,"column":28}},"74":{"start":{"line":182,"column":4},"end":{"line":182,"column":44}},"75":{"start":{"line":183,"column":4},"end":{"line":183,"column":20}},"76":{"start":{"line":184,"column":4},"end":{"line":184,"column":44}},"77":{"start":{"line":185,"column":4},"end":{"line":185,"column":20}},"78":{"start":{"line":193,"column":0},"end":{"line":238,"column":1}},"79":{"start":{"line":195,"column":2},"end":{"line":195,"column":36}},"80":{"start":{"line":195,"column":29},"end":{"line":195,"column":36}},"81":{"start":{"line":197,"column":2},"end":{"line":197,"column":22}},"82":{"start":{"line":198,"column":2},"end":{"line":198,"column":28}},"83":{"start":{"line":198,"column":21},"end":{"line":198,"column":28}},"84":{"start":{"line":200,"column":2},"end":{"line":200,"column":22}},"85":{"start":{"line":201,"column":2},"end":{"line":201,"column":26}},"86":{"start":{"line":204,"column":2},"end":{"line":208,"column":3}},"87":{"start":{"line":206,"column":4},"end":{"line":206,"column":20}},"88":{"start":{"line":207,"column":4},"end":{"line":207,"column":21}},"89":{"start":{"line":210,"column":2},"end":{"line":215,"column":3}},"90":{"start":{"line":211,"column":4},"end":{"line":213,"column":5}},"91":{"start":{"line":212,"column":6},"end":{"line":212,"column":59}},"92":{"start":{"line":214,"column":4},"end":{"line":214,"column":21}},"93":{"start":{"line":218,"column":2},"end":{"line":225,"column":3}},"94":{"start":{"line":219,"column":4},"end":{"line":219,"column":39}},"95":{"start":{"line":220,"column":4},"end":{"line":223,"column":5}},"96":{"start":{"line":221,"column":6},"end":{"line":221,"column":24}},"97":{"start":{"line":222,"column":6},"end":{"line":222,"column":43}},"98":{"start":{"line":224,"column":4},"end":{"line":224,"column":25}},"99":{"start":{"line":228,"column":2},"end":{"line":228,"column":50}},"100":{"start":{"line":228,"column":29},"end":{"line":228,"column":50}},"101":{"start":{"line":229,"column":2},"end":{"line":229,"column":52}},"102":{"start":{"line":229,"column":31},"end":{"line":229,"column":52}},"103":{"start":{"line":230,"column":2},"end":{"line":230,"column":52}},"104":{"start":{"line":230,"column":30},"end":{"line":230,"column":52}},"105":{"start":{"line":233,"column":2},"end":{"line":233,"column":30}},"106":{"start":{"line":234,"column":2},"end":{"line":236,"column":3}},"107":{"start":{"line":235,"column":4},"end":{"line":235,"column":41}},"108":{"start":{"line":237,"column":2},"end":{"line":237,"column":16}}},"branchMap":{"1":{"line":45,"type":"binary-expr","locations":[{"start":{"line":45,"column":15},"end":{"line":45,"column":35}},{"start":{"line":45,"column":39},"end":{"line":45,"column":52}}]},"2":{"line":105,"type":"if","locations":[{"start":{"line":105,"column":4},"end":{"line":105,"column":4}},{"start":{"line":105,"column":4},"end":{"line":105,"column":4}}]},"3":{"line":106,"type":"if","locations":[{"start":{"line":106,"column":4},"end":{"line":106,"column":4}},{"start":{"line":106,"column":4},"end":{"line":106,"column":4}}]},"4":{"line":112,"type":"binary-expr","locations":[{"start":{"line":112,"column":20},"end":{"line":112,"column":28}},{"start":{"line":112,"column":32},"end":{"line":112,"column":39}},{"start":{"line":112,"column":43},"end":{"line":112,"column":46}}]},"5":{"line":128,"type":"if","locations":[{"start":{"line":128,"column":4},"end":{"line":128,"column":4}},{"start":{"line":128,"column":4},"end":{"line":128,"column":4}}]},"6":{"line":163,"type":"binary-expr","locations":[{"start":{"line":163,"column":17},"end":{"line":163,"column":31}},{"start":{"line":163,"column":35},"end":{"line":163,"column":59}},{"start":{"line":163,"column":63},"end":{"line":163,"column":65}}]},"7":{"line":179,"type":"if","locations":[{"start":{"line":179,"column":4},"end":{"line":179,"column":4}},{"start":{"line":179,"column":4},"end":{"line":179,"column":4}}]},"8":{"line":179,"type":"binary-expr","locations":[{"start":{"line":179,"column":8},"end":{"line":179,"column":25}},{"start":{"line":179,"column":29},"end":{"line":179,"column":39}}]},"9":{"line":180,"type":"if","locations":[{"start":{"line":180,"column":4},"end":{"line":180,"column":4}},{"start":{"line":180,"column":4},"end":{"line":180,"column":4}}]},"10":{"line":182,"type":"binary-expr","locations":[{"start":{"line":182,"column":16},"end":{"line":182,"column":25}},{"start":{"line":182,"column":29},"end":{"line":182,"column":43}}]},"11":{"line":195,"type":"if","locations":[{"start":{"line":195,"column":2},"end":{"line":195,"column":2}},{"start":{"line":195,"column":2},"end":{"line":195,"column":2}}]},"12":{"line":198,"type":"if","locations":[{"start":{"line":198,"column":2},"end":{"line":198,"column":2}},{"start":{"line":198,"column":2},"end":{"line":198,"column":2}}]},"13":{"line":204,"type":"if","locations":[{"start":{"line":204,"column":2},"end":{"line":204,"column":2}},{"start":{"line":204,"column":2},"end":{"line":204,"column":2}}]},"14":{"line":210,"type":"if","locations":[{"start":{"line":210,"column":2},"end":{"line":210,"column":2}},{"start":{"line":210,"column":2},"end":{"line":210,"column":2}}]},"15":{"line":211,"type":"if","locations":[{"start":{"line":211,"column":4},"end":{"line":211,"column":4}},{"start":{"line":211,"column":4},"end":{"line":211,"column":4}}]},"16":{"line":211,"type":"binary-expr","locations":[{"start":{"line":211,"column":8},"end":{"line":211,"column":24}},{"start":{"line":211,"column":28},"end":{"line":211,"column":40}}]},"17":{"line":218,"type":"if","locations":[{"start":{"line":218,"column":2},"end":{"line":218,"column":2}},{"start":{"line":218,"column":2},"end":{"line":218,"column":2}}]},"18":{"line":219,"type":"binary-expr","locations":[{"start":{"line":219,"column":11},"end":{"line":219,"column":22}},{"start":{"line":219,"column":26},"end":{"line":219,"column":38}}]},"19":{"line":220,"type":"if","locations":[{"start":{"line":220,"column":4},"end":{"line":220,"column":4}},{"start":{"line":220,"column":4},"end":{"line":220,"column":4}}]},"20":{"line":228,"type":"if","locations":[{"start":{"line":228,"column":2},"end":{"line":228,"column":2}},{"start":{"line":228,"column":2},"end":{"line":228,"column":2}}]},"21":{"line":229,"type":"if","locations":[{"start":{"line":229,"column":2},"end":{"line":229,"column":2}},{"start":{"line":229,"column":2},"end":{"line":229,"column":2}}]},"22":{"line":230,"type":"if","locations":[{"start":{"line":230,"column":2},"end":{"line":230,"column":2}},{"start":{"line":230,"column":2},"end":{"line":230,"column":2}}]},"23":{"line":234,"type":"if","locations":[{"start":{"line":234,"column":2},"end":{"line":234,"column":2}},{"start":{"line":234,"column":2},"end":{"line":234,"column":2}}]}},"code":["","'use strict';","","/**"," * Module dependencies."," */","","const isGeneratorFunction = require('is-generator-function');","const debug = require('debug')('koa:application');","const onFinished = require('on-finished');","const response = require('./response');","const compose = require('koa-compose');","const isJSON = require('koa-is-json');","const context = require('./context');","const request = require('./request');","const statuses = require('statuses');","const Cookies = require('cookies');","const accepts = require('accepts');","const Emitter = require('events');","const assert = require('assert');","const Stream = require('stream');","const http = require('http');","const only = require('only');","const convert = require('koa-convert');","const deprecate = require('depd')('koa');","","/**"," * Expose `Application` class."," * Inherits from `Emitter.prototype`."," */","","module.exports = class Application extends Emitter {","  /**","   * Initialize a new `Application`.","   *","   * @api public","   */","","  constructor() {","    super();","","    this.proxy = false;","    this.middleware = [];","    this.subdomainOffset = 2;","    this.env = process.env.NODE_ENV || 'development';","    this.context = Object.create(context);","    this.request = Object.create(request);","    this.response = Object.create(response);","  }","","  /**","   * Shorthand for:","   *","   *    http.createServer(app.callback()).listen(...)","   *","   * @param {Mixed} ...","   * @return {Server}","   * @api public","   */","","  listen() {","    debug('listen');","    const server = http.createServer(this.callback());","    return server.listen.apply(server, arguments);","  }","","  /**","   * Return JSON representation.","   * We only bother showing settings.","   *","   * @return {Object}","   * @api public","   */","","  toJSON() {","    return only(this, [","      'subdomainOffset',","      'proxy',","      'env'","    ]);","  }","","  /**","   * Inspect implementation.","   *","   * @return {Object}","   * @api public","   */","","  inspect() {","    return this.toJSON();","  }","","  /**","   * Use the given middleware `fn`.","   *","   * Old-style middleware will be converted.","   *","   * @param {Function} fn","   * @return {Application} self","   * @api public","   */","","  use(fn) {","    if (typeof fn !== 'function') throw new TypeError('middleware must be a function!');","    if (isGeneratorFunction(fn)) {","      deprecate('Support for generators will be removed in v3. ' +","                'See the documentation for examples of how to convert old middleware ' +","                'https://github.com/koajs/koa/blob/master/docs/migration.md');","      fn = convert(fn);","    }","    debug('use %s', fn._name || fn.name || '-');","    this.middleware.push(fn);","    return this;","  }","","  /**","   * Return a request handler callback","   * for node's native http server.","   *","   * @return {Function}","   * @api public","   */","","  callback() {","    const fn = compose(this.middleware);","","    if (!this.listeners('error').length) this.on('error', this.onerror);","","    const handleRequest = (req, res) => {","      res.statusCode = 404;","      const ctx = this.createContext(req, res);","      const onerror = err => ctx.onerror(err);","      const handleResponse = () => respond(ctx);","      onFinished(res, onerror);","      return fn(ctx).then(handleResponse).catch(onerror);","    };","","    return handleRequest;","  }","","  /**","   * Initialize a new context.","   *","   * @api private","   */","","  createContext(req, res) {","    const context = Object.create(this.context);","    const request = context.request = Object.create(this.request);","    const response = context.response = Object.create(this.response);","    context.app = request.app = response.app = this;","    context.req = request.req = response.req = req;","    context.res = request.res = response.res = res;","    request.ctx = response.ctx = context;","    request.response = response;","    response.request = request;","    context.originalUrl = request.originalUrl = req.url;","    context.cookies = new Cookies(req, res, {","      keys: this.keys,","      secure: request.secure","    });","    request.ip = request.ips[0] || req.socket.remoteAddress || '';","    context.accept = request.accept = accepts(req);","    context.state = {};","    return context;","  }","","  /**","   * Default error handler.","   *","   * @param {Error} err","   * @api private","   */","","  onerror(err) {","    assert(err instanceof Error, `non-error thrown: ${err}`);","","    if (404 == err.status || err.expose) return;","    if (this.silent) return;","","    const msg = err.stack || err.toString();","    console.error();","    console.error(msg.replace(/^/gm, '  '));","    console.error();","  }","};","","/**"," * Response helper."," */","","function respond(ctx) {","  // allow bypassing koa","  if (false === ctx.respond) return;","","  const res = ctx.res;","  if (!ctx.writable) return;","","  let body = ctx.body;","  const code = ctx.status;","","  // ignore body","  if (statuses.empty[code]) {","    // strip headers","    ctx.body = null;","    return res.end();","  }","","  if ('HEAD' == ctx.method) {","    if (!res.headersSent && isJSON(body)) {","      ctx.length = Buffer.byteLength(JSON.stringify(body));","    }","    return res.end();","  }","","  // status body","  if (null == body) {","    body = ctx.message || String(code);","    if (!res.headersSent) {","      ctx.type = 'text';","      ctx.length = Buffer.byteLength(body);","    }","    return res.end(body);","  }","","  // responses","  if (Buffer.isBuffer(body)) return res.end(body);","  if ('string' == typeof body) return res.end(body);","  if (body instanceof Stream) return body.pipe(res);","","  // body: json","  body = JSON.stringify(body);","  if (!res.headersSent) {","    ctx.length = Buffer.byteLength(body);","  }","  res.end(body);","}",""],"l":{"8":1,"9":1,"10":1,"11":1,"12":1,"13":1,"14":1,"15":1,"16":1,"17":1,"18":1,"19":1,"20":1,"21":1,"22":1,"23":1,"24":1,"25":1,"32":1,"40":0,"42":0,"43":0,"44":0,"45":0,"46":0,"47":0,"48":0,"62":0,"63":0,"64":0,"76":0,"91":0,"105":0,"106":0,"107":0,"110":0,"112":0,"113":0,"114":0,"126":0,"128":0,"130":0,"131":0,"132":0,"133":0,"134":0,"135":0,"136":0,"139":0,"149":0,"150":0,"151":0,"152":0,"153":0,"154":0,"155":0,"156":0,"157":0,"158":0,"159":0,"163":0,"164":0,"165":0,"166":0,"177":0,"179":0,"180":0,"182":0,"183":0,"184":0,"185":0,"193":1,"195":0,"197":0,"198":0,"200":0,"201":0,"204":0,"206":0,"207":0,"210":0,"211":0,"212":0,"214":0,"218":0,"219":0,"220":0,"221":0,"222":0,"224":0,"228":0,"229":0,"230":0,"233":0,"234":0,"235":0,"237":0}},"/home/travis/build/npmtest/node-npmtest-koa/koa/lib/response.js":{"path":"/home/travis/build/npmtest/node-npmtest-koa/koa/lib/response.js","s":{"1":1,"2":1,"3":1,"4":1,"5":1,"6":1,"7":1,"8":1,"9":1,"10":1,"11":1,"12":1,"13":1,"14":1,"15":0,"16":0,"17":0,"18":0,"19":0,"20":0,"21":0,"22":0,"23":0,"24":0,"25":0,"26":0,"27":0,"28":0,"29":0,"30":0,"31":0,"32":0,"33":0,"34":0,"35":0,"36":0,"37":0,"38":0,"39":0,"40":0,"41":0,"42":0,"43":0,"44":0,"45":0,"46":0,"47":0,"48":0,"49":0,"50":0,"51":0,"52":0,"53":0,"54":0,"55":0,"56":0,"57":0,"58":0,"59":0,"60":0,"61":0,"62":0,"63":0,"64":0,"65":0,"66":0,"67":0,"68":0,"69":0,"70":0,"71":0,"72":0,"73":0,"74":0,"75":0,"76":0,"77":0,"78":0,"79":0,"80":0,"81":0,"82":0,"83":0,"84":0,"85":0,"86":0,"87":0,"88":0,"89":0,"90":0,"91":0,"92":0,"93":0,"94":0,"95":0,"96":0,"97":0,"98":0,"99":0,"100":0,"101":0,"102":0,"103":0,"104":0,"105":0,"106":0,"107":0,"108":0,"109":0,"110":0,"111":0,"112":0,"113":0,"114":0,"115":0,"116":0,"117":0,"118":0,"119":0,"120":0,"121":0,"122":0,"123":0,"124":0,"125":0,"126":0,"127":0,"128":0,"129":0,"130":0,"131":0,"132":0,"133":0,"134":0,"135":0,"136":0,"137":0,"138":0,"139":0,"140":0,"141":0,"142":0,"143":0,"144":0,"145":0,"146":0},"b":{"1":[0,0],"2":[0,0],"3":[0,0],"4":[0,0],"5":[0,0],"6":[0,0],"7":[0,0],"8":[0,0],"9":[0,0],"10":[0,0],"11":[0,0],"12":[0,0],"13":[0,0],"14":[0,0],"15":[0,0],"16":[0,0],"17":[0,0],"18":[0,0],"19":[0,0],"20":[0,0],"21":[0,0],"22":[0,0],"23":[0,0],"24":[0,0],"25":[0,0,0],"26":[0,0],"27":[0,0],"28":[0,0],"29":[0,0],"30":[0,0],"31":[0,0],"32":[0,0],"33":[0,0],"34":[0,0],"35":[0,0],"36":[0,0],"37":[0,0],"38":[0,0],"39":[0,0],"40":[0,0],"41":[0,0],"42":[0,0],"43":[0,0],"44":[0,0],"45":[0,0]},"f":{"1":0,"2":0,"3":0,"4":0,"5":0,"6":0,"7":0,"8":0,"9":0,"10":0,"11":0,"12":0,"13":0,"14":0,"15":0,"16":0,"17":0,"18":0,"19":0,"20":0,"21":0,"22":0,"23":0,"24":0,"25":0,"26":0,"27":0,"28":0,"29":0,"30":0},"fnMap":{"1":{"name":"(anonymous_1)","line":35,"loc":{"start":{"line":35,"column":12},"end":{"line":35,"column":15}}},"2":{"name":"(anonymous_2)","line":46,"loc":{"start":{"line":46,"column":12},"end":{"line":46,"column":15}}},"3":{"name":"(anonymous_3)","line":60,"loc":{"start":{"line":60,"column":13},"end":{"line":60,"column":16}}},"4":{"name":"(anonymous_4)","line":71,"loc":{"start":{"line":71,"column":12},"end":{"line":71,"column":15}}},"5":{"name":"(anonymous_5)","line":82,"loc":{"start":{"line":82,"column":12},"end":{"line":82,"column":19}}},"6":{"name":"(anonymous_6)","line":99,"loc":{"start":{"line":99,"column":13},"end":{"line":99,"column":16}}},"7":{"name":"(anonymous_7)","line":110,"loc":{"start":{"line":110,"column":13},"end":{"line":110,"column":19}}},"8":{"name":"(anonymous_8)","line":121,"loc":{"start":{"line":121,"column":10},"end":{"line":121,"column":13}}},"9":{"name":"(anonymous_9)","line":132,"loc":{"start":{"line":132,"column":10},"end":{"line":132,"column":16}}},"10":{"name":"(anonymous_10)","line":191,"loc":{"start":{"line":191,"column":12},"end":{"line":191,"column":16}}},"11":{"name":"(anonymous_11)","line":202,"loc":{"start":{"line":202,"column":12},"end":{"line":202,"column":15}}},"12":{"name":"(anonymous_12)","line":224,"loc":{"start":{"line":224,"column":16},"end":{"line":224,"column":19}}},"13":{"name":"(anonymous_13)","line":235,"loc":{"start":{"line":235,"column":6},"end":{"line":235,"column":14}}},"14":{"name":"(anonymous_14)","line":258,"loc":{"start":{"line":258,"column":10},"end":{"line":258,"column":21}}},"15":{"name":"(anonymous_15)","line":286,"loc":{"start":{"line":286,"column":12},"end":{"line":286,"column":23}}},"16":{"name":"(anonymous_16)","line":307,"loc":{"start":{"line":307,"column":10},"end":{"line":307,"column":17}}},"17":{"name":"(anonymous_17)","line":326,"loc":{"start":{"line":326,"column":18},"end":{"line":326,"column":24}}},"18":{"name":"(anonymous_18)","line":338,"loc":{"start":{"line":338,"column":18},"end":{"line":338,"column":21}}},"19":{"name":"(anonymous_19)","line":355,"loc":{"start":{"line":355,"column":10},"end":{"line":355,"column":16}}},"20":{"name":"(anonymous_20)","line":367,"loc":{"start":{"line":367,"column":10},"end":{"line":367,"column":13}}},"21":{"name":"(anonymous_21)","line":379,"loc":{"start":{"line":379,"column":10},"end":{"line":379,"column":13}}},"22":{"name":"(anonymous_22)","line":394,"loc":{"start":{"line":394,"column":4},"end":{"line":394,"column":12}}},"23":{"name":"(anonymous_23)","line":417,"loc":{"start":{"line":417,"column":5},"end":{"line":417,"column":13}}},"24":{"name":"(anonymous_24)","line":436,"loc":{"start":{"line":436,"column":5},"end":{"line":436,"column":18}}},"25":{"name":"(anonymous_25)","line":464,"loc":{"start":{"line":464,"column":8},"end":{"line":464,"column":21}}},"26":{"name":"(anonymous_26)","line":483,"loc":{"start":{"line":483,"column":8},"end":{"line":483,"column":16}}},"27":{"name":"(anonymous_27)","line":496,"loc":{"start":{"line":496,"column":14},"end":{"line":496,"column":17}}},"28":{"name":"(anonymous_28)","line":514,"loc":{"start":{"line":514,"column":9},"end":{"line":514,"column":12}}},"29":{"name":"(anonymous_29)","line":528,"loc":{"start":{"line":528,"column":8},"end":{"line":528,"column":11}}},"30":{"name":"(anonymous_30)","line":539,"loc":{"start":{"line":539,"column":14},"end":{"line":539,"column":17}}}},"statementMap":{"1":{"start":{"line":8,"column":0},"end":{"line":8,"column":58}},"2":{"start":{"line":9,"column":0},"end":{"line":9,"column":51}},"3":{"start":{"line":10,"column":0},"end":{"line":10,"column":50}},"4":{"start":{"line":11,"column":0},"end":{"line":11,"column":40}},"5":{"start":{"line":12,"column":0},"end":{"line":12,"column":38}},"6":{"start":{"line":13,"column":0},"end":{"line":13,"column":38}},"7":{"start":{"line":14,"column":0},"end":{"line":14,"column":37}},"8":{"start":{"line":15,"column":0},"end":{"line":15,"column":37}},"9":{"start":{"line":16,"column":0},"end":{"line":16,"column":35}},"10":{"start":{"line":17,"column":0},"end":{"line":17,"column":33}},"11":{"start":{"line":18,"column":0},"end":{"line":18,"column":40}},"12":{"start":{"line":19,"column":0},"end":{"line":19,"column":29}},"13":{"start":{"line":20,"column":0},"end":{"line":20,"column":29}},"14":{"start":{"line":26,"column":0},"end":{"line":542,"column":2}},"15":{"start":{"line":36,"column":4},"end":{"line":36,"column":31}},"16":{"start":{"line":47,"column":4},"end":{"line":47,"column":25}},"17":{"start":{"line":48,"column":4},"end":{"line":50,"column":27}},"18":{"start":{"line":61,"column":4},"end":{"line":61,"column":23}},"19":{"start":{"line":72,"column":4},"end":{"line":72,"column":31}},"20":{"start":{"line":83,"column":4},"end":{"line":83,"column":68}},"21":{"start":{"line":84,"column":4},"end":{"line":84,"column":59}},"22":{"start":{"line":85,"column":4},"end":{"line":85,"column":68}},"23":{"start":{"line":86,"column":4},"end":{"line":86,"column":32}},"24":{"start":{"line":87,"column":4},"end":{"line":87,"column":31}},"25":{"start":{"line":88,"column":4},"end":{"line":88,"column":44}},"26":{"start":{"line":89,"column":4},"end":{"line":89,"column":60}},"27":{"start":{"line":89,"column":43},"end":{"line":89,"column":60}},"28":{"start":{"line":100,"column":4},"end":{"line":100,"column":59}},"29":{"start":{"line":111,"column":4},"end":{"line":111,"column":33}},"30":{"start":{"line":122,"column":4},"end":{"line":122,"column":22}},"31":{"start":{"line":133,"column":4},"end":{"line":133,"column":32}},"32":{"start":{"line":134,"column":4},"end":{"line":134,"column":21}},"33":{"start":{"line":136,"column":4},"end":{"line":136,"column":37}},"34":{"start":{"line":136,"column":30},"end":{"line":136,"column":37}},"35":{"start":{"line":139,"column":4},"end":{"line":145,"column":5}},"36":{"start":{"line":140,"column":6},"end":{"line":140,"column":58}},"37":{"start":{"line":140,"column":40},"end":{"line":140,"column":58}},"38":{"start":{"line":141,"column":6},"end":{"line":141,"column":34}},"39":{"start":{"line":142,"column":6},"end":{"line":142,"column":36}},"40":{"start":{"line":143,"column":6},"end":{"line":143,"column":39}},"41":{"start":{"line":144,"column":6},"end":{"line":144,"column":13}},"42":{"start":{"line":148,"column":4},"end":{"line":148,"column":49}},"43":{"start":{"line":148,"column":31},"end":{"line":148,"column":49}},"44":{"start":{"line":151,"column":4},"end":{"line":151,"column":49}},"45":{"start":{"line":154,"column":4},"end":{"line":158,"column":5}},"46":{"start":{"line":155,"column":6},"end":{"line":155,"column":67}},"47":{"start":{"line":155,"column":19},"end":{"line":155,"column":67}},"48":{"start":{"line":156,"column":6},"end":{"line":156,"column":43}},"49":{"start":{"line":157,"column":6},"end":{"line":157,"column":13}},"50":{"start":{"line":161,"column":4},"end":{"line":165,"column":5}},"51":{"start":{"line":162,"column":6},"end":{"line":162,"column":37}},"52":{"start":{"line":162,"column":19},"end":{"line":162,"column":37}},"53":{"start":{"line":163,"column":6},"end":{"line":163,"column":31}},"54":{"start":{"line":164,"column":6},"end":{"line":164,"column":13}},"55":{"start":{"line":168,"column":4},"end":{"line":177,"column":5}},"56":{"start":{"line":169,"column":6},"end":{"line":169,"column":50}},"57":{"start":{"line":170,"column":6},"end":{"line":170,"column":60}},"58":{"start":{"line":170,"column":37},"end":{"line":170,"column":58}},"59":{"start":{"line":173,"column":6},"end":{"line":173,"column":77}},"60":{"start":{"line":173,"column":47},"end":{"line":173,"column":77}},"61":{"start":{"line":175,"column":6},"end":{"line":175,"column":37}},"62":{"start":{"line":175,"column":19},"end":{"line":175,"column":37}},"63":{"start":{"line":176,"column":6},"end":{"line":176,"column":13}},"64":{"start":{"line":180,"column":4},"end":{"line":180,"column":34}},"65":{"start":{"line":181,"column":4},"end":{"line":181,"column":23}},"66":{"start":{"line":192,"column":4},"end":{"line":192,"column":34}},"67":{"start":{"line":203,"column":4},"end":{"line":203,"column":46}},"68":{"start":{"line":204,"column":4},"end":{"line":204,"column":27}},"69":{"start":{"line":206,"column":4},"end":{"line":212,"column":5}},"70":{"start":{"line":207,"column":6},"end":{"line":207,"column":24}},"71":{"start":{"line":207,"column":17},"end":{"line":207,"column":24}},"72":{"start":{"line":208,"column":6},"end":{"line":208,"column":66}},"73":{"start":{"line":208,"column":35},"end":{"line":208,"column":66}},"74":{"start":{"line":209,"column":6},"end":{"line":209,"column":52}},"75":{"start":{"line":209,"column":33},"end":{"line":209,"column":52}},"76":{"start":{"line":210,"column":6},"end":{"line":210,"column":71}},"77":{"start":{"line":210,"column":24},"end":{"line":210,"column":71}},"78":{"start":{"line":211,"column":6},"end":{"line":211,"column":13}},"79":{"start":{"line":214,"column":4},"end":{"line":214,"column":17}},"80":{"start":{"line":225,"column":4},"end":{"line":225,"column":32}},"81":{"start":{"line":236,"column":4},"end":{"line":236,"column":26}},"82":{"start":{"line":260,"column":4},"end":{"line":260,"column":68}},"83":{"start":{"line":260,"column":23},"end":{"line":260,"column":68}},"84":{"start":{"line":261,"column":4},"end":{"line":261,"column":30}},"85":{"start":{"line":264,"column":4},"end":{"line":264,"column":59}},"86":{"start":{"line":264,"column":41},"end":{"line":264,"column":59}},"87":{"start":{"line":267,"column":4},"end":{"line":272,"column":5}},"88":{"start":{"line":268,"column":6},"end":{"line":268,"column":24}},"89":{"start":{"line":269,"column":6},"end":{"line":269,"column":45}},"90
[...]
5}}]},"4":{"line":150,"type":"binary-expr","locations":[{"start":{"line":150,"column":11},"end":{"line":150,"column":17}},{"start":{"line":150,"column":22},"end":{"line":150,"column":44}}]},"5":{"line":172,"type":"if","locations":[{"start":{"line":172,"column":4},"end":{"line":172,"column":4}},{"start":{"line":172,"column":4},"end":{"line":172,"column":4}}]},"6":{"line":173,"type":"binary-expr","locations":[{"start":{"line":173,"column":11},"end":{"line":173,"column":32}},{"start":{"line":173,"column":36},"end":{"line":173,"column":38}}]},"7":{"line":185,"type":"if","locations":[{"start":{"line":185,"column":4},"end":{"line":185,"column":4}},{"start":{"line":185,"column":4},"end":{"line":185,"column":4}}]},"8":{"line":202,"type":"if","locations":[{"start":{"line":202,"column":4},"end":{"line":202,"column":4}},{"start":{"line":202,"column":4},"end":{"line":202,"column":4}}]},"9":{"line":229,"type":"binary-expr","locations":[{"start":{"line":229,"column":15},"end":{"line":229,"column":20}},{"start":{"line":229,"column":24},"end":{"line":229,"column":52}}]},"10":{"line":230,"type":"binary-expr","locations":[{"start":{"line":230,"column":11},"end":{"line":230,"column":15}},{"start":{"line":230,"column":19},"end":{"line":230,"column":35}}]},"11":{"line":231,"type":"if","locations":[{"start":{"line":231,"column":4},"end":{"line":231,"column":4}},{"start":{"line":231,"column":4},"end":{"line":231,"column":4}}]},"12":{"line":246,"type":"if","locations":[{"start":{"line":246,"column":4},"end":{"line":246,"column":4}},{"start":{"line":246,"column":4},"end":{"line":246,"column":4}}]},"13":{"line":264,"type":"if","locations":[{"start":{"line":264,"column":4},"end":{"line":264,"column":4}},{"start":{"line":264,"column":4},"end":{"line":264,"column":4}}]},"14":{"line":264,"type":"binary-expr","locations":[{"start":{"line":264,"column":8},"end":{"line":264,"column":23}},{"start":{"line":264,"column":27},"end":{"line":264,"column":43}}]},"15":{"line":267,"type":"if","locations":[{"start":{"line":267,"column":4},"end":{"line":267,"column":4}},{"start":{"line":267,"column":4},"end":{"line":267,"column":4}}]},"16":{"line":267,"type":"binary-expr","locations":[{"start":{"line":267,"column":9},"end":{"line":267,"column":17}},{"start":{"line":267,"column":21},"end":{"line":267,"column":28}},{"start":{"line":267,"column":33},"end":{"line":267,"column":41}}]},"17":{"line":319,"type":"if","locations":[{"start":{"line":319,"column":4},"end":{"line":319,"column":4}},{"start":{"line":319,"column":4},"end":{"line":319,"column":4}}]},"18":{"line":327,"type":"binary-expr","locations":[{"start":{"line":327,"column":11},"end":{"line":327,"column":34}},{"start":{"line":327,"column":38},"end":{"line":327,"column":40}}]},"19":{"line":339,"type":"if","locations":[{"start":{"line":339,"column":4},"end":{"line":339,"column":4}},{"start":{"line":339,"column":4},"end":{"line":339,"column":4}}]},"20":{"line":357,"type":"if","locations":[{"start":{"line":357,"column":4},"end":{"line":357,"column":4}},{"start":{"line":357,"column":4},"end":{"line":357,"column":4}}]},"21":{"line":358,"type":"if","locations":[{"start":{"line":358,"column":4},"end":{"line":358,"column":4}},{"start":{"line":358,"column":4},"end":{"line":358,"column":4}}]},"22":{"line":359,"type":"binary-expr","locations":[{"start":{"line":359,"column":18},"end":{"line":359,"column":47}},{"start":{"line":359,"column":51},"end":{"line":359,"column":57}}]},"23":{"line":391,"type":"cond-expr","locations":[{"start":{"line":392,"column":8},"end":{"line":392,"column":28}},{"start":{"line":393,"column":8},"end":{"line":393,"column":10}}]},"24":{"line":391,"type":"binary-expr","locations":[{"start":{"line":391,"column":11},"end":{"line":391,"column":16}},{"start":{"line":391,"column":20},"end":{"line":391,"column":23}}]},"25":{"line":415,"type":"if","locations":[{"start":{"line":415,"column":4},"end":{"line":415,"column":4}},{"start":{"line":415,"column":4},"end":{"line":415,"column":4}}]},"26":{"line":545,"type":"if","locations":[{"start":{"line":545,"column":4},"end":{"line":545,"column":4}},{"start":{"line":545,"column":4},"end":{"line":545,"column":4}}]},"27":{"line":546,"type":"if","locations":[{"start":{"line":546,"column":4},"end":{"line":546,"column":4}},{"start":{"line":546,"column":4},"end":{"line":546,"column":4}}]},"28":{"line":560,"type":"if","locations":[{"start":{"line":560,"column":4},"end":{"line":560,"column":4}},{"start":{"line":560,"column":4},"end":{"line":560,"column":4}}]},"29":{"line":588,"type":"switch","locations":[{"start":{"line":589,"column":6},"end":{"line":589,"column":21}},{"start":{"line":590,"column":6},"end":{"line":591,"column":65}},{"start":{"line":592,"column":6},"end":{"line":593,"column":40}}]},"30":{"line":591,"type":"binary-expr","locations":[{"start":{"line":591,"column":15},"end":{"line":591,"column":35}},{"start":{"line":591,"column":39},"end":{"line":591,"column":58}},{"start":{"line":591,"column":62},"end":{"line":591,"column":64}}]},"31":{"line":593,"type":"binary-expr","locations":[{"start":{"line":593,"column":15},"end":{"line":593,"column":33}},{"start":{"line":593,"column":37},"end":{"line":593,"column":39}}]},"32":{"line":605,"type":"if","locations":[{"start":{"line":605,"column":4},"end":{"line":605,"column":4}},{"start":{"line":605,"column":4},"end":{"line":605,"column":4}}]}},"code":["","'use strict';","","/**"," * Module dependencies."," */","","const net = require('net');","const contentType = require('content-type');","const stringify = require('url').format;","const parse = require('parseurl');","const qs = require('querystring');","const typeis = require('type-is');","const fresh = require('fresh');","const only = require('only');","","/**"," * Prototype."," */","","module.exports = {","","  /**","   * Return request header.","   *","   * @return {Object}","   * @api public","   */","","  get header() {","    return this.req.headers;","  },","","  /**","   * Return request header, alias as request.header","   *","   * @return {Object}","   * @api public","   */","","  get headers() {","    return this.req.headers;","  },","","  /**","   * Get request URL.","   *","   * @return {String}","   * @api public","   */","","  get url() {","    return this.req.url;","  },","","  /**","   * Set request URL.","   *","   * @api public","   */","","  set url(val) {","    this.req.url = val;","  },","","  /**","   * Get origin of URL.","   *","   * @return {String}","   * @api public","   */","","  get origin() {","    return `${this.protocol}://${this.host}`;","  },","","  /**","   * Get full request URL.","   *","   * @return {String}","   * @api public","   */","","  get href() {","    // support: `GET http://example.com/foo`","    if (/^https?:\\/\\//i.test(this.originalUrl)) return this.originalUrl;","    return this.origin + this.originalUrl;","  },","","  /**","   * Get request method.","   *","   * @return {String}","   * @api public","   */","","  get method() {","    return this.req.method;","  },","","  /**","   * Set request method.","   *","   * @param {String} val","   * @api public","   */","","  set method(val) {","    this.req.method = val;","  },","","  /**","   * Get request pathname.","   *","   * @return {String}","   * @api public","   */","","  get path() {","    return parse(this.req).pathname;","  },","","  /**","   * Set pathname, retaining the query-string when present.","   *","   * @param {String} path","   * @api public","   */","","  set path(path) {","    const url = parse(this.req);","    if (url.pathname === path) return;","","    url.pathname = path;","    url.path = null;","","    this.url = stringify(url);","  },","","  /**","   * Get parsed query-string.","   *","   * @return {Object}","   * @api public","   */","","  get query() {","    const str = this.querystring;","    const c = this._querycache = this._querycache || {};","    return c[str] || (c[str] = qs.parse(str));","  },","","  /**","   * Set query-string as an object.","   *","   * @param {Object} obj","   * @api public","   */","","  set query(obj) {","    this.querystring = qs.stringify(obj);","  },","","  /**","   * Get query string.","   *","   * @return {String}","   * @api public","   */","","  get querystring() {","    if (!this.req) return '';","    return parse(this.req).query || '';","  },","","  /**","   * Set querystring.","   *","   * @param {String} str","   * @api public","   */","","  set querystring(str) {","    const url = parse(this.req);","    if (url.search === `?${str}`) return;","","    url.search = str;","    url.path = null;","","    this.url = stringify(url);","  },","","  /**","   * Get the search string. Same as the querystring","   * except it includes the leading ?.","   *","   * @return {String}","   * @api public","   */","","  get search() {","    if (!this.querystring) return '';","    return `?${this.querystring}`;","  },","","  /**","   * Set the search string. Same as","   * response.querystring= but included for ubiquity.","   *","   * @param {String} str","   * @api public","   */","","  set search(str) {","    this.querystring = str;","  },","","  /**","   * Parse the \"Host\" header field host","   * and support X-Forwarded-Host when a","   * proxy is enabled.","   *","   * @return {String} hostname:port","   * @api public","   */","","  get host() {","    const proxy = this.app.proxy;","    let host = proxy && this.get('X-Forwarded-Host');","    host = host || this.get('Host');","    if (!host) return '';","    return host.split(/\\s*,\\s*/)[0];","  },","","  /**","   * Parse the \"Host\" header field hostname","   * and support X-Forwarded-Host when a","   * proxy is enabled.","   *","   * @return {String} hostname","   * @api public","   */","","  get hostname() {","    const host = this.host;","    if (!host) return '';","    return host.split(':')[0];","  },","","  /**","   * Check if the request is fresh, aka","   * Last-Modified and/or the ETag","   * still match.","   *","   * @return {Boolean}","   * @api public","   */","","  get fresh() {","    const method = this.method;","    const s = this.ctx.status;","","    // GET or HEAD for weak freshness validation only","    if ('GET' != method && 'HEAD' != method) return false;","","    // 2xx or 304 as per rfc2616 14.26","    if ((s >= 200 && s < 300) || 304 == s) {","      return fresh(this.header, this.ctx.response.header);","    }","","    return false;","  },","","  /**","   * Check if the request is stale, aka","   * \"Last-Modified\" and / or the \"ETag\" for the","   * resource has changed.","   *","   * @return {Boolean}","   * @api public","   */","","  get stale() {","    return !this.fresh;","  },","","  /**","   * Check if the request is idempotent.","   *","   * @return {Boolean}","   * @api public","   */","","  get idempotent() {","    const methods = ['GET', 'HEAD', 'PUT', 'DELETE', 'OPTIONS', 'TRACE'];","    return !!~methods.indexOf(this.method);","  },","","  /**","   * Return the request socket.","   *","   * @return {Connection}","   * @api public","   */","","  get socket() {","    return this.req.socket;","  },","","  /**","   * Get the charset when present or undefined.","   *","   * @return {String}","   * @api public","   */","","  get charset() {","    let type = this.get('Content-Type');","    if (!type) return '';","","    try {","      type = contentType.parse(type);","    } catch (e) {","      return '';","    }","","    return type.parameters.charset || '';","  },","","  /**","   * Return parsed Content-Length when present.","   *","   * @return {Number}","   * @api public","   */","","  get length() {","    const len = this.get('Content-Length');","    if (len == '') return;","    return ~~len;","  },","","  /**","   * Return the protocol string \"http\" or \"https\"","   * when requested with TLS. When the proxy setting","   * is enabled the \"X-Forwarded-Proto\" header","   * field will be trusted. If you're running behind","   * a reverse proxy that supplies https for you this","   * may be enabled.","   *","   * @return {String}","   * @api public","   */","","  get protocol() {","    const proxy = this.app.proxy;","    if (this.socket.encrypted) return 'https';","    if (!proxy) return 'http';","    const proto = this.get('X-Forwarded-Proto') || 'http';","    return proto.split(/\\s*,\\s*/)[0];","  },","","  /**","   * Short-hand for:","   *","   *    this.protocol == 'https'","   *","   * @return {Boolean}","   * @api public","   */","","  get secure() {","    return 'https' == this.protocol;","  },","","  /**","   * When `app.proxy` is `true`, parse","   * the \"X-Forwarded-For\" ip address list.","   *","   * For example if the value were \"client, proxy1, proxy2\"","   * you would receive the array `[\"client\", \"proxy1\", \"proxy2\"]`","   * where \"proxy2\" is the furthest down-stream.","   *","   * @return {Array}","   * @api public","   */","","  get ips() {","    const proxy = this.app.proxy;","    const val = this.get('X-Forwarded-For');","    return proxy && val","      ? val.split(/\\s*,\\s*/)","      : [];","  },","","  /**","   * Return subdomains as an array.","   *","   * Subdomains are the dot-separated parts of the host before the main domain","   * of the app. By default, the domain of the app is assumed to be the last two","   * parts of the host. This can be changed by setting `app.subdomainOffset`.","   *","   * For example, if the domain is \"tobi.ferrets.example.com\":","   * If `app.subdomainOffset` is not set, this.subdomains is","   * `[\"ferrets\", \"tobi\"]`.","   * If `app.subdomainOffset` is 3, this.subdomains is `[\"tobi\"]`.","   *","   * @return {Array}","   * @api public","   */","","  get subdomains() {","    const offset = this.app.subdomainOffset;","    const hostname = this.hostname;","    if (net.isIP(hostname)) return [];","    return hostname","      .split('.')","      .reverse()","      .slice(offset);","  },","","  /**","   * Check if the given `type(s)` is acceptable, returning","   * the best match when true, otherwise `false`, in which","   * case you should respond with 406 \"Not Acceptable\".","   *","   * The `type` value may be a single mime type string","   * such as \"application/json\", the extension name","   * such as \"json\" or an array `[\"json\", \"html\", \"text/plain\"]`. When a list","   * or array is given the _best_ match, if any is returned.","   *","   * Examples:","   *","   *     // Accept: text/html","   *     this.accepts('html');","   *     // => \"html\"","   *","   *     // Accept: text/*, application/json","   *     this.accepts('html');","   *     // => \"html\"","   *     this.accepts('text/html');","   *     // => \"text/html\"","   *     this.accepts('json', 'text');","   *     // => \"json\"","   *     this.accepts('application/json');","   *     // => \"application/json\"","   *","   *     // Accept: text/*, application/json","   *     this.accepts('image/png');","   *     this.accepts('png');","   *     // => false","   *","   *     // Accept: text/*;q=.5, application/json","   *     this.accepts(['html', 'json']);","   *     this.accepts('html', 'json');","   *     // => \"json\"","   *","   * @param {String|Array} type(s)...","   * @return {String|Array|false}","   * @api public","   */","","  accepts() {","    return this.accept.types.apply(this.accept, arguments);","  },","","  /**","   * Return accepted encodings or best fit based on `encodings`.","   *","   * Given `Accept-Encoding: gzip, deflate`","   * an array sorted by quality is returned:","   *","   *     ['gzip', 'deflate']","   *","   * @param {String|Array} encoding(s)...","   * @return {String|Array}","   * @api public","   */","","  acceptsEncodings() {","    return this.accept.encodings.apply(this.accept, arguments);","  },","","  /**","   * Return accepted charsets or best fit based on `charsets`.","   *","   * Given `Accept-Charset: utf-8, iso-8859-1;q=0.2, utf-7;q=0.5`","   * an array sorted by quality is returned:","   *","   *     ['utf-8', 'utf-7', 'iso-8859-1']","   *","   * @param {String|Array} charset(s)...","   * @return {String|Array}","   * @api public","   */","","  acceptsCharsets() {","    return this.accept.charsets.apply(this.accept, arguments);","  },","","  /**","   * Return accepted languages or best fit based on `langs`.","   *","   * Given `Accept-Language: en;q=0.8, es, pt`","   * an array sorted by quality is returned:","   *","   *     ['es', 'pt', 'en']","   *","   * @param {String|Array} lang(s)...","   * @return {Array|String}","   * @api public","   */","","  acceptsLanguages() {","    return this.accept.languages.apply(this.accept, arguments);","  },","","  /**","   * Check if the incoming request contains the \"Content-Type\"","   * header field, and it contains any of the give mime `type`s.","   * If there is no request body, `null` is returned.","   * If there is no content type, `false` is returned.","   * Otherwise, it returns the first `type` that matches.","   *","   * Examples:","   *","   *     // With Content-Type: text/html; charset=utf-8","   *     this.is('html'); // => 'html'","   *     this.is('text/html'); // => 'text/html'","   *     this.is('text/*', 'application/json'); // => 'text/html'","   *","   *     // When Content-Type is application/json","   *     this.is('json', 'urlencoded'); // => 'json'","   *     this.is('application/json'); // => 'application/json'","   *     this.is('html', 'application/*'); // => 'application/json'","   *","   *     this.is('html'); // => false","   *","   * @param {String|Array} types...","   * @return {String|false|null}","   * @api public","   */","","  is(types) {","    if (!types) return typeis(this.req);","    if (!Array.isArray(types)) types = [].slice.call(arguments);","    return typeis(this.req, types);","  },","","  /**","   * Return the request mime type void of","   * parameters such as \"charset\".","   *","   * @return {String}","   * @api public","   */","","  get type() {","    const type = this.get('Content-Type');","    if (!type) return '';","    return type.split(';')[0];","  },","","  /**","   * Return request header.","   *","   * The `Referrer` header field is special-cased,","   * both `Referrer` and `Referer` are interchangeable.","   *","   * Examples:","   *","   *     this.get('Content-Type');","   *     // => \"text/plain\"","   *","   *     this.get('content-type');","   *     // => \"text/plain\"","   *","   *     this.get('Something');","   *     // => undefined","   *","   * @param {String} field","   * @return {String}","   * @api public","   */","","  get(field) {","    const req = this.req;","    switch (field = field.toLowerCase()) {","      case 'referer':","      case 'referrer':","        return req.headers.referrer || req.headers.referer || '';","      default:","        return req.headers[field] || '';","    }","  },","","  /**","   * Inspect implementation.","   *","   * @return {Object}","   * @api public","   */","","  inspect() {","    if (!this.req) return;","    return this.toJSON();","  },","","  /**","   * Return JSON representation.","   *","   * @return {Object}","   * @api public","   */","","  toJSON() {","    return only(this, [","      'method',","      'url',","      'header'","    ]);","  }","};",""],"l":{"8":1,"9":1,"10":1,"11":1,"12":1,"13":1,"14":1,"15":1,"21":1,"31":0,"42":0,"53":0,"63":0,"74":0,"86":0,"87":0,"98":0,"109":0,"120":0,"131":0,"132":0,"134":0,"135":0,"137":0,"148":0,"149":0,"150":0,"161":0,"172":0,"173":0,"184":0,"185":0,"187":0,"188":0,"190":0,"202":0,"203":0,"215":0,"228":0,"229":0,"230":0,"231":0,"232":0,"245":0,"246":0,"247":0,"260":0,"261":0,"264":0,"267":0,"268":0,"271":0,"284":0,"295":0,"296":0,"307":0,"318":0,"319":0,"321":0,"322":0,"324":0,"327":0,"338":0,"339":0,"340":0,"356":0,"357":0,"358":0,"359":0,"360":0,"373":0,"389":0,"390":0,"391":0,"413":0,"414":0,"415":0,"416":0,"464":0,"481":0,"498":0,"515":0,"545":0,"546":0,"547":0,"559":0,"560":0,"561":0,"587":0,"588":0,"591":0,"593":0,"605":0,"606":0,"617":0}}}